#
# A fatal error has been detected by the Java Runtime Environment:
#
#  EXCEPTION_ACCESS_VIOLATION (0xc0000005) at pc=0x00007ffe27237944, pid=6848, tid=16212
#
# JRE version: Java(TM) SE Runtime Environment (12.0.2+10) (build 12.0.2+10)
# Java VM: Java HotSpot(TM) 64-Bit Server VM (12.0.2+10, mixed mode, sharing, tiered, compressed oops, g1 gc, windows-amd64)
# Problematic frame:
# C  [combase.dll+0xb7944]
#
# No core dump will be written. Minidumps are not enabled by default on client versions of Windows
#
# If you would like to submit a bug report, please visit:
#   http://bugreport.java.com/bugreport/crash.jsp
# The crash happened outside the Java Virtual Machine in native code.
# See problematic frame for where to report the bug.
#

---------------  S U M M A R Y ------------

Command Line: -enableassertions -javaagent:C:\Users\41615\AppData\Local\Temp\15835288808550704716486796312311150008624161946191.jar -Dclassworlds.conf=D:\Setup Packages\apache-maven-3.6.3-bin\apache-maven-3.6.3\bin\..\bin\m2.conf -Dmaven.home=D:\Setup Packages\apache-maven-3.6.3-bin\apache-maven-3.6.3\bin\.. -Dlibrary.jansi.path=D:\Setup Packages\apache-maven-3.6.3-bin\apache-maven-3.6.3\bin\..\lib\jansi-native -Dmaven.multiModuleProjectDirectory=D:\GitHub\Group9 org.pitest.mutationtest.execute.MutationTestMinion 9402

Host: Intel(R) Core(TM) i5-8250U CPU @ 1.60GHz, 8 cores, 7G,  Windows 10 , 64 bit Build 18362 (10.0.18362.329)
Time: Fri Mar  6 13:10:22 2020 ¨¬????¨®¡À¨º¡Á?¨º¡À?? elapsed time: 3 seconds (0d 0h 0m 3s)

---------------  T H R E A D  ---------------

Current thread (0x000001ede9835000):  JavaThread "AWT-Windows" daemon [_thread_in_native, id=16212, stack(0x0000007a14600000,0x0000007a14700000)]

Stack: [0x0000007a14600000,0x0000007a14700000],  sp=0x0000007a146fd9f8,  free space=1014k
Native frames: (J=compiled Java code, j=interpreted, Vv=VM code, C=native code)
C  [combase.dll+0xb7944]

Java frames: (J=compiled Java code, j=interpreted, Vv=VM code)
j  sun.awt.windows.WToolkit.eventLoop()V+0 java.desktop@12.0.2
j  sun.awt.windows.WToolkit.run()V+50 java.desktop@12.0.2
j  java.lang.Thread.run()V+11 java.base@12.0.2
v  ~StubRoutines::call_stub

siginfo: EXCEPTION_ACCESS_VIOLATION (0xc0000005), reading address 0x0000000000000000


Register to memory mapping:

RIP=0x00007ffe27237944 combase.dll
RAX=0x00007ffe27237940 combase.dll
RBX=0x000001edec83eac0 points into unknown readable memory: 90 84 cc f6 fd 7f 00 00
RCX=0x0 is NULL
RDX=0x0000007a146fd760 is pointing into the stack for thread: 0x000001ede9835000
RSP=0x0000007a146fd9f8 is pointing into the stack for thread: 0x000001ede9835000
RBP=0x0000007a146fda40 is pointing into the stack for thread: 0x000001ede9835000
RSI=0x000001edec262ed0 points into unknown readable memory: 5c 00 3f 00 3f 00 5c 00
RDI=0x0 is NULL
R8 =0x0000000000000001 is an unknown value
R9 =0x0 is NULL
R10=0x000001edec4338c0 points into unknown readable memory: 01 00 00 00 00 00 00 00
R11=0x0000007a146fd9c0 is pointing into the stack for thread: 0x000001ede9835000
R12=0x0 is NULL
R13=0x000001edec82ac08 points into unknown readable memory: 00 00 00 00 00 00 00 00
R14=0x0000000000000050 is an unknown value
R15=0x0000007a146fdef0 is pointing into the stack for thread: 0x000001ede9835000


Registers:
RAX=0x00007ffe27237940, RBX=0x000001edec83eac0, RCX=0x0000000000000000, RDX=0x0000007a146fd760
RSP=0x0000007a146fd9f8, RBP=0x0000007a146fda40, RSI=0x000001edec262ed0, RDI=0x0000000000000000
R8 =0x0000000000000001, R9 =0x0000000000000000, R10=0x000001edec4338c0, R11=0x0000007a146fd9c0
R12=0x0000000000000000, R13=0x000001edec82ac08, R14=0x0000000000000050, R15=0x0000007a146fdef0
RIP=0x00007ffe27237944, EFLAGS=0x0000000000010246

Top of Stack: (sp=0x0000007a146fd9f8)
0x0000007a146fd9f8:   00007ffdf6c8c298 0000000700000e65
0x0000007a146fda08:   0000000000000000 0000007a146fdef0
0x0000007a146fda18:   0000000000000050 00007ffdf6c80000
0x0000007a146fda28:   00007ffdf6c98b00 000001edec262ed0
0x0000007a146fda38:   0000000000000804 000001edec262ed0
0x0000007a146fda48:   000001edec83eac0 0000007a146fdb60
0x0000007a146fda58:   00007ffdf6c8b7b1 000001ed00000001
0x0000007a146fda68:   0000000000000000 0000007a146fdb60
0x0000007a146fda78:   000001edec83eac0 0000000000000000
0x0000007a146fda88:   0000000000000010 0000000000000000
0x0000007a146fda98:   0000007a146fdab8 0000000000000000
0x0000007a146fdaa8:   0000000000000000 0000000000000000
0x0000007a146fdab8:   0000000000000000 000001edec85d5f0
0x0000007a146fdac8:   00007ffdf6cd3200 0000007a146fdef0
0x0000007a146fdad8:   0000007a146fdf08 0000000000000e65
0x0000007a146fdae8:   0000000000000007 0000000000000001 

Instructions: (pc=0x00007ffe27237944)
0x00007ffe27237844:   c4 1a 00 85 c0 0f 84 3b 5b 0b 00 48 8b 4c 24 50
0x00007ffe27237854:   48 85 c9 74 59 ff 15 01 c3 1a 00 48 8b 0d aa ec
0x00007ffe27237864:   22 00 33 d2 44 8b c0 8b d8 ff 15 2d ba 1a 00 48
0x00007ffe27237874:   89 06 48 85 c0 74 3e 4c 8b 44 24 50 48 8b d0 8b
0x00007ffe27237884:   cb ff 15 dd c2 1a 00 8b c7 48 8b 8c 24 a0 00 00
0x00007ffe27237894:   00 48 33 cc e8 c3 86 02 00 4c 8d 9c 24 b0 00 00
0x00007ffe272378a4:   00 49 8b 5b 20 49 8b 73 28 49 8b e3 5f c3 bf 90
0x00007ffe272378b4:   04 07 80 eb d2 bf 0e 00 07 80 eb cb cc cc cc cc
0x00007ffe272378c4:   cc cc cc cc cc cc cc cc cc cc cc cc 48 89 5c 24
0x00007ffe272378d4:   10 48 89 74 24 18 57 48 83 ec 50 44 8b 89 d4 00
0x00007ffe272378e4:   00 00 33 f6 49 8b d8 8b fe 44 8b c6 48 39 71 60
0x00007ffe272378f4:   0f 85 0c 5b 0b 00 8d 42 fd 83 f8 01 0f 86 4d 5b
0x00007ffe27237904:   0b 00 45 85 c9 0f 85 fe 5a 0b 00 45 85 c0 8d 4f
0x00007ffe27237914:   4b 41 8b c0 0f 48 ce 89 0b 48 8b 5c 24 68 48 8b
0x00007ffe27237924:   74 24 70 48 83 c4 50 5f c3 cc cc cc cc cc cc cc
0x00007ffe27237934:   cc cc cc cc cc cc cc cc cc cc cc cc 48 8b 49 18
0x00007ffe27237944:   48 8b 01 48 8b 40 08 48 ff 25 2e c6 1a 00 cc cc
0x00007ffe27237954:   cc cc cc cc cc cc cc cc cc cc cc cc 48 89 5c 24
0x00007ffe27237964:   08 57 48 83 ec 20 f6 05 f7 f2 22 00 01 49 8b d8
0x00007ffe27237974:   48 8b fa 74 1e 4c 8b 4c 24 50 48 8b d3 48 8b cf
0x00007ffe27237984:   49 83 21 00 48 8b 5c 24 30 48 83 c4 20 5f e9 79
0x00007ffe27237994:   f7 fa ff e8 a0 f7 f6 ff eb db cc cc cc cc cc cc
0x00007ffe272379a4:   cc cc cc cc cc cc cc cc cc cc cc cc 48 8b c4 48
0x00007ffe272379b4:   89 58 10 48 89 70 18 57 48 83 ec 30 49 83 21 00
0x00007ffe272379c4:   48 8b f2 48 83 60 08 00 48 8d 50 08 48 83 c1 78
0x00007ffe272379d4:   49 8b d9 41 8b f8 e8 7d 01 00 00 85 c0 78 39 48
0x00007ffe272379e4:   8b 4c 24 40 4c 8b cb 44 8b c7 48 8b d6 48 8b 01
0x00007ffe272379f4:   48 8b 40 18 ff 15 82 c5 1a 00 8b d8 48 8d 4c 24
0x00007ffe27237a04:   40 e8 e2 5d f5 ff 48 8b 74 24 50 8b c3 48 8b 5c
0x00007ffe27237a14:   24 48 48 83 c4 30 5f c3 bb ff ff 00 80 eb dd cc
0x00007ffe27237a24:   cc cc cc cc cc cc cc cc cc cc cc cc 48 8b c4 48
0x00007ffe27237a34:   89 58 08 48 89 70 10 57 48 83 ec 30 49 83 21 00 


Stack slot to memory mapping:
stack at sp + 0 slots: 0x00007ffdf6c8c298 msctfuimanager.dll
stack at sp + 1 slots: 0x0000000700000e65 is an unknown value
stack at sp + 2 slots: 0x0 is NULL
stack at sp + 3 slots: 0x0000007a146fdef0 is pointing into the stack for thread: 0x000001ede9835000
stack at sp + 4 slots: 0x0000000000000050 is an unknown value
stack at sp + 5 slots: 0x00007ffdf6c80000 msctfuimanager.dll
stack at sp + 6 slots: 0x00007ffdf6c98b00 msctfuimanager.dll
stack at sp + 7 slots: 0x000001edec262ed0 points into unknown readable memory: 5c 00 3f 00 3f 00 5c 00


---------------  P R O C E S S  ---------------

Threads class SMR info:
_java_thread_list=0x000001ede980d9a0, length=19, elements={
0x000001edc9a0f000, 0x000001ede86ea000, 0x000001ede86eb000, 0x000001ede870a800,
0x000001ede870b800, 0x000001ede870c800, 0x000001ede8710000, 0x000001ede8715000,
0x000001ede90a1000, 0x000001ede9191800, 0x000001ede9955800, 0x000001ede99b2000,
0x000001ede9835000, 0x000001ede9b2d000, 0x000001ede9b7f000, 0x000001ede9b52800,
0x000001ede998f000, 0x000001edeba7f800, 0x000001edebc42000
}

Java Threads: ( => current thread )
  0x000001edc9a0f000 JavaThread "main" [_thread_blocked, id=15340, stack(0x0000007a13200000,0x0000007a13300000)]
  0x000001ede86ea000 JavaThread "Reference Handler" daemon [_thread_blocked, id=17268, stack(0x0000007a13900000,0x0000007a13a00000)]
  0x000001ede86eb000 JavaThread "Finalizer" daemon [_thread_blocked, id=1904, stack(0x0000007a13a00000,0x0000007a13b00000)]
  0x000001ede870a800 JavaThread "Signal Dispatcher" daemon [_thread_blocked, id=17648, stack(0x0000007a13b00000,0x0000007a13c00000)]
  0x000001ede870b800 JavaThread "Attach Listener" daemon [_thread_blocked, id=13784, stack(0x0000007a13c00000,0x0000007a13d00000)]
  0x000001ede870c800 JavaThread "C2 CompilerThread0" daemon [_thread_blocked, id=5776, stack(0x0000007a13d00000,0x0000007a13e00000)]
  0x000001ede8710000 JavaThread "C1 CompilerThread0" daemon [_thread_blocked, id=3904, stack(0x0000007a13e00000,0x0000007a13f00000)]
  0x000001ede8715000 JavaThread "Sweeper thread" daemon [_thread_blocked, id=3412, stack(0x0000007a13f00000,0x0000007a14000000)]
  0x000001ede90a1000 JavaThread "Common-Cleaner" daemon [_thread_blocked, id=15748, stack(0x0000007a14000000,0x0000007a14100000)]
  0x000001ede9191800 JavaThread "Service Thread" daemon [_thread_blocked, id=16780, stack(0x0000007a14200000,0x0000007a14300000)]
  0x000001ede9955800 JavaThread "Java2D Disposer" daemon [_thread_blocked, id=11884, stack(0x0000007a14100000,0x0000007a14200000)]
  0x000001ede99b2000 JavaThread "AWT-Shutdown" [_thread_blocked, id=9052, stack(0x0000007a14500000,0x0000007a14600000)]
=>0x000001ede9835000 JavaThread "AWT-Windows" daemon [_thread_in_native, id=16212, stack(0x0000007a14600000,0x0000007a14700000)]
  0x000001ede9b2d000 JavaThread "Image Fetcher 0" daemon [_thread_blocked, id=11616, stack(0x0000007a14b00000,0x0000007a14c00000)]
  0x000001ede9b7f000 JavaThread "AWT-EventQueue-0" [_thread_in_native, id=12776, stack(0x0000007a14a00000,0x0000007a14b00000)]
  0x000001ede9b52800 JavaThread "TimerQueue" daemon [_thread_blocked, id=18348, stack(0x0000007a14c00000,0x0000007a14d00000)]
  0x000001ede998f000 JavaThread "Image Fetcher 1" daemon [_thread_blocked, id=12180, stack(0x0000007a14400000,0x0000007a14500000)]
  0x000001edeba7f800 JavaThread "C2 CompilerThread1" daemon [_thread_blocked, id=8240, stack(0x0000007a15000000,0x0000007a15100000)]
  0x000001edebc42000 JavaThread "mutationTestThread" daemon [_thread_blocked, id=14984, stack(0x0000007a15200000,0x0000007a15300000)]

Other Threads:
  0x000001ede86e8800 VMThread "VM Thread" [stack: 0x0000007a13800000,0x0000007a13900000] [id=19472]
  0x000001ede9195800 WatcherThread [stack: 0x0000007a14300000,0x0000007a14400000] [id=19196]
  0x000001edc9a4f800 GCTaskThread "GC Thread#0" [stack: 0x0000007a13300000,0x0000007a13400000] [id=2908]
  0x000001ede9956800 GCTaskThread "GC Thread#1" [stack: 0x0000007a14700000,0x0000007a14800000] [id=8812]
  0x000001ede9957800 GCTaskThread "GC Thread#2" [stack: 0x0000007a14800000,0x0000007a14900000] [id=3960]
  0x000001ede9958000 GCTaskThread "GC Thread#3" [stack: 0x0000007a14900000,0x0000007a14a00000] [id=3804]
  0x000001edc9a5e000 ConcurrentGCThread "G1 Main Marker" [stack: 0x0000007a13400000,0x0000007a13500000] [id=12668]
  0x000001edc9a5f000 ConcurrentGCThread "G1 Conc#0" [stack: 0x0000007a13500000,0x0000007a13600000] [id=16076]
  0x000001edc9ade800 ConcurrentGCThread "G1 Refine#0" [stack: 0x0000007a13600000,0x0000007a13700000] [id=852]
  0x000001ede8562800 ConcurrentGCThread "G1 Young RemSet Sampling" [stack: 0x0000007a13700000,0x0000007a13800000] [id=14856]

Threads with active compile tasks:

VM state:not at safepoint (normal execution)

VM Mutex/Monitor currently owned by a thread: None

Heap address: 0x0000000081200000, size: 2030 MB, Compressed Oops mode: 32-bit
Narrow klass base: 0x0000000800000000, Narrow klass shift: 3
Compressed class space size: 1073741824 Address: 0x0000000801190000

Heap:
 garbage-first heap   total 131072K, used 39683K [0x0000000081200000, 0x0000000100000000)
  region size 1024K, 20 young (20480K), 3 survivors (3072K)
 Metaspace       used 15043K, capacity 15496K, committed 15616K, reserved 1062912K
  class space    used 1826K, capacity 2003K, committed 2048K, reserved 1048576K
Heap Regions: E=young(eden), S=young(survivor), O=old, HS=humongous(starts), HC=humongous(continues), CS=collection set, F=free, A=archive, TAMS=top-at-mark-start (previous, next)
|   0|0x0000000081200000, 0x00000000812c0c00, 0x0000000081300000| 75%| O|  |TAMS 0x0000000081200000, 0x0000000081200000| Untracked 
|   1|0x0000000081300000, 0x0000000081400000, 0x0000000081400000|100%|HS|  |TAMS 0x0000000081300000, 0x0000000081300000| Complete 
|   2|0x0000000081400000, 0x0000000081500000, 0x0000000081500000|100%|HS|  |TAMS 0x0000000081400000, 0x0000000081400000| Complete 
|   3|0x0000000081500000, 0x0000000081600000, 0x0000000081600000|100%|HS|  |TAMS 0x0000000081500000, 0x0000000081500000| Complete 
|   4|0x0000000081600000, 0x0000000081700000, 0x0000000081700000|100%|HS|  |TAMS 0x0000000081600000, 0x0000000081600000| Complete 
|   5|0x0000000081700000, 0x0000000081800000, 0x0000000081800000|100%|HC|  |TAMS 0x0000000081700000, 0x0000000081700000| Complete 
|   6|0x0000000081800000, 0x0000000081900000, 0x0000000081900000|100%|HC|  |TAMS 0x0000000081800000, 0x0000000081800000| Complete 
|   7|0x0000000081900000, 0x0000000081a00000, 0x0000000081a00000|100%|HC|  |TAMS 0x0000000081900000, 0x0000000081900000| Complete 
|   8|0x0000000081a00000, 0x0000000081b00000, 0x0000000081b00000|100%|HS|  |TAMS 0x0000000081a00000, 0x0000000081a00000| Complete 
|   9|0x0000000081b00000, 0x0000000081c00000, 0x0000000081c00000|100%|HS|  |TAMS 0x0000000081b00000, 0x0000000081b00000| Complete 
|  10|0x0000000081c00000, 0x0000000081d00000, 0x0000000081d00000|100%|HC|  |TAMS 0x0000000081c00000, 0x0000000081c00000| Complete 
|  11|0x0000000081d00000, 0x0000000081e00000, 0x0000000081e00000|100%|HC|  |TAMS 0x0000000081d00000, 0x0000000081d00000| Complete 
|  12|0x0000000081e00000, 0x0000000081f00000, 0x0000000081f00000|100%|HS|  |TAMS 0x0000000081e00000, 0x0000000081e00000| Complete 
|  13|0x0000000081f00000, 0x0000000082000000, 0x0000000082000000|100%|HC|  |TAMS 0x0000000081f00000, 0x0000000081f00000| Complete 
|  14|0x0000000082000000, 0x0000000082100000, 0x0000000082100000|100%|HC|  |TAMS 0x0000000082000000, 0x0000000082000000| Complete 
|  15|0x0000000082100000, 0x0000000082200000, 0x0000000082200000|100%|HC|  |TAMS 0x0000000082100000, 0x0000000082100000| Complete 
|  16|0x0000000082200000, 0x0000000082300000, 0x0000000082300000|100%|HS|  |TAMS 0x0000000082200000, 0x0000000082200000| Complete 
|  17|0x0000000082300000, 0x0000000082400000, 0x0000000082400000|100%|HS|  |TAMS 0x0000000082300000, 0x0000000082300000| Complete 
|  18|0x0000000082400000, 0x0000000082500000, 0x0000000082500000|100%|HC|  |TAMS 0x0000000082400000, 0x0000000082400000| Complete 
|  19|0x0000000082500000, 0x0000000082600000, 0x0000000082600000|100%|HC|  |TAMS 0x0000000082500000, 0x0000000082500000| Complete 
|  20|0x0000000082600000, 0x0000000082600000, 0x0000000082700000|  0%| F|  |TAMS 0x0000000082600000, 0x0000000082600000| Untracked 
|  21|0x0000000082700000, 0x0000000082700000, 0x0000000082800000|  0%| F|  |TAMS 0x0000000082700000, 0x0000000082700000| Untracked 
|  22|0x0000000082800000, 0x0000000082800000, 0x0000000082900000|  0%| F|  |TAMS 0x0000000082800000, 0x0000000082800000| Untracked 
|  23|0x0000000082900000, 0x0000000082900000, 0x0000000082a00000|  0%| F|  |TAMS 0x0000000082900000, 0x0000000082900000| Untracked 
|  24|0x0000000082a00000, 0x0000000082a00000, 0x0000000082b00000|  0%| F|  |TAMS 0x0000000082a00000, 0x0000000082a00000| Untracked 
|  25|0x0000000082b00000, 0x0000000082b00000, 0x0000000082c00000|  0%| F|  |TAMS 0x0000000082b00000, 0x0000000082b00000| Untracked 
|  26|0x0000000082c00000, 0x0000000082c00000, 0x0000000082d00000|  0%| F|  |TAMS 0x0000000082c00000, 0x0000000082c00000| Untracked 
|  27|0x0000000082d00000, 0x0000000082d00000, 0x0000000082e00000|  0%| F|  |TAMS 0x0000000082d00000, 0x0000000082d00000| Untracked 
|  28|0x0000000082e00000, 0x0000000082e00000, 0x0000000082f00000|  0%| F|  |TAMS 0x0000000082e00000, 0x0000000082e00000| Untracked 
|  29|0x0000000082f00000, 0x0000000082f00000, 0x0000000083000000|  0%| F|  |TAMS 0x0000000082f00000, 0x0000000082f00000| Untracked 
|  30|0x0000000083000000, 0x0000000083000000, 0x0000000083100000|  0%| F|  |TAMS 0x0000000083000000, 0x0000000083000000| Untracked 
|  31|0x0000000083100000, 0x0000000083100000, 0x0000000083200000|  0%| F|  |TAMS 0x0000000083100000, 0x0000000083100000| Untracked 
|  32|0x0000000083200000, 0x0000000083200000, 0x0000000083300000|  0%| F|  |TAMS 0x0000000083200000, 0x0000000083200000| Untracked 
|  33|0x0000000083300000, 0x0000000083300000, 0x0000000083400000|  0%| F|  |TAMS 0x0000000083300000, 0x0000000083300000| Untracked 
|  34|0x0000000083400000, 0x0000000083400000, 0x0000000083500000|  0%| F|  |TAMS 0x0000000083400000, 0x0000000083400000| Untracked 
|  35|0x0000000083500000, 0x0000000083500000, 0x0000000083600000|  0%| F|  |TAMS 0x0000000083500000, 0x0000000083500000| Untracked 
|  36|0x0000000083600000, 0x0000000083600000, 0x0000000083700000|  0%| F|  |TAMS 0x0000000083600000, 0x0000000083600000| Untracked 
|  37|0x0000000083700000, 0x0000000083700000, 0x0000000083800000|  0%| F|  |TAMS 0x0000000083700000, 0x0000000083700000| Untracked 
|  38|0x0000000083800000, 0x0000000083800000, 0x0000000083900000|  0%| F|  |TAMS 0x0000000083800000, 0x0000000083800000| Untracked 
|  39|0x0000000083900000, 0x0000000083900000, 0x0000000083a00000|  0%| F|  |TAMS 0x0000000083900000, 0x0000000083900000| Untracked 
|  40|0x0000000083a00000, 0x0000000083a00000, 0x0000000083b00000|  0%| F|  |TAMS 0x0000000083a00000, 0x0000000083a00000| Untracked 
|  41|0x0000000083b00000, 0x0000000083b00000, 0x0000000083c00000|  0%| F|  |TAMS 0x0000000083b00000, 0x0000000083b00000| Untracked 
|  42|0x0000000083c00000, 0x0000000083c00000, 0x0000000083d00000|  0%| F|  |TAMS 0x0000000083c00000, 0x0000000083c00000| Untracked 
|  43|0x0000000083d00000, 0x0000000083d00000, 0x0000000083e00000|  0%| F|  |TAMS 0x0000000083d00000, 0x0000000083d00000| Untracked 
|  44|0x0000000083e00000, 0x0000000083e00000, 0x0000000083f00000|  0%| F|  |TAMS 0x0000000083e00000, 0x0000000083e00000| Untracked 
|  45|0x0000000083f00000, 0x0000000083f00000, 0x0000000084000000|  0%| F|  |TAMS 0x0000000083f00000, 0x0000000083f00000| Untracked 
|  46|0x0000000084000000, 0x0000000084000000, 0x0000000084100000|  0%| F|  |TAMS 0x0000000084000000, 0x0000000084000000| Untracked 
|  47|0x0000000084100000, 0x0000000084100000, 0x0000000084200000|  0%| F|  |TAMS 0x0000000084100000, 0x0000000084100000| Untracked 
|  48|0x0000000084200000, 0x0000000084200000, 0x0000000084300000|  0%| F|  |TAMS 0x0000000084200000, 0x0000000084200000| Untracked 
|  49|0x0000000084300000, 0x0000000084300000, 0x0000000084400000|  0%| F|  |TAMS 0x0000000084300000, 0x0000000084300000| Untracked 
|  50|0x0000000084400000, 0x0000000084400000, 0x0000000084500000|  0%| F|  |TAMS 0x0000000084400000, 0x0000000084400000| Untracked 
|  51|0x0000000084500000, 0x0000000084500000, 0x0000000084600000|  0%| F|  |TAMS 0x0000000084500000, 0x0000000084500000| Untracked 
|  52|0x0000000084600000, 0x0000000084600000, 0x0000000084700000|  0%| F|  |TAMS 0x0000000084600000, 0x0000000084600000| Untracked 
|  53|0x0000000084700000, 0x0000000084700000, 0x0000000084800000|  0%| F|  |TAMS 0x0000000084700000, 0x0000000084700000| Untracked 
|  54|0x0000000084800000, 0x0000000084800000, 0x0000000084900000|  0%| F|  |TAMS 0x0000000084800000, 0x0000000084800000| Untracked 
|  55|0x0000000084900000, 0x0000000084900000, 0x0000000084a00000|  0%| F|  |TAMS 0x0000000084900000, 0x0000000084900000| Untracked 
|  56|0x0000000084a00000, 0x0000000084a00000, 0x0000000084b00000|  0%| F|  |TAMS 0x0000000084a00000, 0x0000000084a00000| Untracked 
|  57|0x0000000084b00000, 0x0000000084b00000, 0x0000000084c00000|  0%| F|  |TAMS 0x0000000084b00000, 0x0000000084b00000| Untracked 
|  58|0x0000000084c00000, 0x0000000084c00000, 0x0000000084d00000|  0%| F|  |TAMS 0x0000000084c00000, 0x0000000084c00000| Untracked 
|  59|0x0000000084d00000, 0x0000000084d00000, 0x0000000084e00000|  0%| F|  |TAMS 0x0000000084d00000, 0x0000000084d00000| Untracked 
|  60|0x0000000084e00000, 0x0000000084e00000, 0x0000000084f00000|  0%| F|  |TAMS 0x0000000084e00000, 0x0000000084e00000| Untracked 
|  61|0x0000000084f00000, 0x0000000084f00000, 0x0000000085000000|  0%| F|  |TAMS 0x0000000084f00000, 0x0000000084f00000| Untracked 
|  62|0x0000000085000000, 0x0000000085000000, 0x0000000085100000|  0%| F|  |TAMS 0x0000000085000000, 0x0000000085000000| Untracked 
|  63|0x0000000085100000, 0x0000000085100000, 0x0000000085200000|  0%| F|  |TAMS 0x0000000085100000, 0x0000000085100000| Untracked 
|  64|0x0000000085200000, 0x0000000085200000, 0x0000000085300000|  0%| F|  |TAMS 0x0000000085200000, 0x0000000085200000| Untracked 
|  65|0x0000000085300000, 0x0000000085300000, 0x0000000085400000|  0%| F|  |TAMS 0x0000000085300000, 0x0000000085300000| Untracked 
|  66|0x0000000085400000, 0x0000000085400000, 0x0000000085500000|  0%| F|  |TAMS 0x0000000085400000, 0x0000000085400000| Untracked 
|  67|0x0000000085500000, 0x0000000085500000, 0x0000000085600000|  0%| F|  |TAMS 0x0000000085500000, 0x0000000085500000| Untracked 
|  68|0x0000000085600000, 0x0000000085600000, 0x0000000085700000|  0%| F|  |TAMS 0x0000000085600000, 0x0000000085600000| Untracked 
|  69|0x0000000085700000, 0x0000000085700000, 0x0000000085800000|  0%| F|  |TAMS 0x0000000085700000, 0x0000000085700000| Untracked 
|  70|0x0000000085800000, 0x0000000085800000, 0x0000000085900000|  0%| F|  |TAMS 0x0000000085800000, 0x0000000085800000| Untracked 
|  71|0x0000000085900000, 0x0000000085900000, 0x0000000085a00000|  0%| F|  |TAMS 0x0000000085900000, 0x0000000085900000| Untracked 
|  72|0x0000000085a00000, 0x0000000085a00000, 0x0000000085b00000|  0%| F|  |TAMS 0x0000000085a00000, 0x0000000085a00000| Untracked 
|  73|0x0000000085b00000, 0x0000000085b00000, 0x0000000085c00000|  0%| F|  |TAMS 0x0000000085b00000, 0x0000000085b00000| Untracked 
|  74|0x0000000085c00000, 0x0000000085c00000, 0x0000000085d00000|  0%| F|  |TAMS 0x0000000085c00000, 0x0000000085c00000| Untracked 
|  75|0x0000000085d00000, 0x0000000085d00000, 0x0000000085e00000|  0%| F|  |TAMS 0x0000000085d00000, 0x0000000085d00000| Untracked 
|  76|0x0000000085e00000, 0x0000000085e00000, 0x0000000085f00000|  0%| F|  |TAMS 0x0000000085e00000, 0x0000000085e00000| Untracked 
|  77|0x0000000085f00000, 0x0000000085f00000, 0x0000000086000000|  0%| F|  |TAMS 0x0000000085f00000, 0x0000000085f00000| Untracked 
|  78|0x0000000086000000, 0x0000000086000000, 0x0000000086100000|  0%| F|  |TAMS 0x0000000086000000, 0x0000000086000000| Untracked 
|  79|0x0000000086100000, 0x0000000086100000, 0x0000000086200000|  0%| F|  |TAMS 0x0000000086100000, 0x0000000086100000| Untracked 
|  80|0x0000000086200000, 0x0000000086200000, 0x0000000086300000|  0%| F|  |TAMS 0x0000000086200000, 0x0000000086200000| Untracked 
|  81|0x0000000086300000, 0x0000000086300000, 0x0000000086400000|  0%| F|  |TAMS 0x0000000086300000, 0x0000000086300000| Untracked 
|  82|0x0000000086400000, 0x0000000086400000, 0x0000000086500000|  0%| F|  |TAMS 0x0000000086400000, 0x0000000086400000| Untracked 
|  83|0x0000000086500000, 0x0000000086500000, 0x0000000086600000|  0%| F|  |TAMS 0x0000000086500000, 0x0000000086500000| Untracked 
|  84|0x0000000086600000, 0x0000000086600000, 0x0000000086700000|  0%| F|  |TAMS 0x0000000086600000, 0x0000000086600000| Untracked 
|  85|0x0000000086700000, 0x0000000086700000, 0x0000000086800000|  0%| F|  |TAMS 0x0000000086700000, 0x0000000086700000| Untracked 
|  86|0x0000000086800000, 0x0000000086800000, 0x0000000086900000|  0%| F|  |TAMS 0x0000000086800000, 0x0000000086800000| Untracked 
|  87|0x0000000086900000, 0x0000000086900000, 0x0000000086a00000|  0%| F|  |TAMS 0x0000000086900000, 0x0000000086900000| Untracked 
|  88|0x0000000086a00000, 0x0000000086a00000, 0x0000000086b00000|  0%| F|  |TAMS 0x0000000086a00000, 0x0000000086a00000| Untracked 
|  89|0x0000000086b00000, 0x0000000086b00000, 0x0000000086c00000|  0%| F|  |TAMS 0x0000000086b00000, 0x0000000086b00000| Untracked 
|  90|0x0000000086c00000, 0x0000000086c00000, 0x0000000086d00000|  0%| F|  |TAMS 0x0000000086c00000, 0x0000000086c00000| Untracked 
|  91|0x0000000086d00000, 0x0000000086d00000, 0x0000000086e00000|  0%| F|  |TAMS 0x0000000086d00000, 0x0000000086d00000| Untracked 
|  92|0x0000000086e00000, 0x0000000086e00000, 0x0000000086f00000|  0%| F|  |TAMS 0x0000000086e00000, 0x0000000086e00000| Untracked 
|  93|0x0000000086f00000, 0x0000000086f00000, 0x0000000087000000|  0%| F|  |TAMS 0x0000000086f00000, 0x0000000086f00000| Untracked 
|  94|0x0000000087000000, 0x0000000087000000, 0x0000000087100000|  0%| F|  |TAMS 0x0000000087000000, 0x0000000087000000| Untracked 
|  95|0x0000000087100000, 0x0000000087100000, 0x0000000087200000|  0%| F|  |TAMS 0x0000000087100000, 0x0000000087100000| Untracked 
|  96|0x0000000087200000, 0x0000000087200000, 0x0000000087300000|  0%| F|  |TAMS 0x0000000087200000, 0x0000000087200000| Untracked 
|  97|0x0000000087300000, 0x0000000087300000, 0x0000000087400000|  0%| F|  |TAMS 0x0000000087300000, 0x0000000087300000| Untracked 
|  98|0x0000000087400000, 0x0000000087400000, 0x0000000087500000|  0%| F|  |TAMS 0x0000000087400000, 0x0000000087400000| Untracked 
|  99|0x0000000087500000, 0x0000000087500000, 0x0000000087600000|  0%| F|  |TAMS 0x0000000087500000, 0x0000000087500000| Untracked 
| 100|0x0000000087600000, 0x0000000087600000, 0x0000000087700000|  0%| F|  |TAMS 0x0000000087600000, 0x0000000087600000| Untracked 
| 101|0x0000000087700000, 0x0000000087800000, 0x0000000087800000|100%| S|CS|TAMS 0x0000000087700000, 0x0000000087700000| Complete 
| 102|0x0000000087800000, 0x0000000087900000, 0x0000000087900000|100%| S|CS|TAMS 0x0000000087800000, 0x0000000087800000| Complete 
| 103|0x0000000087900000, 0x0000000087a00000, 0x0000000087a00000|100%| S|CS|TAMS 0x0000000087900000, 0x0000000087900000| Complete 
| 104|0x0000000087a00000, 0x0000000087a00000, 0x0000000087b00000|  0%| F|  |TAMS 0x0000000087a00000, 0x0000000087a00000| Untracked 
| 105|0x0000000087b00000, 0x0000000087b00000, 0x0000000087c00000|  0%| F|  |TAMS 0x0000000087b00000, 0x0000000087b00000| Untracked 
| 106|0x0000000087c00000, 0x0000000087c00000, 0x0000000087d00000|  0%| F|  |TAMS 0x0000000087c00000, 0x0000000087c00000| Untracked 
| 107|0x0000000087d00000, 0x0000000087d00000, 0x0000000087e00000|  0%| F|  |TAMS 0x0000000087d00000, 0x0000000087d00000| Untracked 
| 108|0x0000000087e00000, 0x0000000087e00000, 0x0000000087f00000|  0%| F|  |TAMS 0x0000000087e00000, 0x0000000087e00000| Untracked 
| 109|0x0000000087f00000, 0x0000000087f00000, 0x0000000088000000|  0%| F|  |TAMS 0x0000000087f00000, 0x0000000087f00000| Untracked 
| 110|0x0000000088000000, 0x0000000088000000, 0x0000000088100000|  0%| F|  |TAMS 0x0000000088000000, 0x0000000088000000| Untracked 
| 111|0x0000000088100000, 0x00000000881f9b30, 0x0000000088200000| 97%| E|  |TAMS 0x0000000088100000, 0x0000000088100000| Complete 
| 112|0x0000000088200000, 0x0000000088300000, 0x0000000088300000|100%| E|CS|TAMS 0x0000000088200000, 0x0000000088200000| Complete 
| 113|0x0000000088300000, 0x0000000088400000, 0x0000000088400000|100%| E|CS|TAMS 0x0000000088300000, 0x0000000088300000| Complete 
| 114|0x0000000088400000, 0x0000000088500000, 0x0000000088500000|100%| E|CS|TAMS 0x0000000088400000, 0x0000000088400000| Complete 
| 115|0x0000000088500000, 0x0000000088600000, 0x0000000088600000|100%| E|CS|TAMS 0x0000000088500000, 0x0000000088500000| Complete 
| 116|0x0000000088600000, 0x0000000088700000, 0x0000000088700000|100%| E|CS|TAMS 0x0000000088600000, 0x0000000088600000| Complete 
| 117|0x0000000088700000, 0x0000000088800000, 0x0000000088800000|100%| E|CS|TAMS 0x0000000088700000, 0x0000000088700000| Complete 
| 118|0x0000000088800000, 0x0000000088900000, 0x0000000088900000|100%| E|CS|TAMS 0x0000000088800000, 0x0000000088800000| Complete 
| 119|0x0000000088900000, 0x0000000088a00000, 0x0000000088a00000|100%| E|CS|TAMS 0x0000000088900000, 0x0000000088900000| Complete 
| 120|0x0000000088a00000, 0x0000000088b00000, 0x0000000088b00000|100%| E|CS|TAMS 0x0000000088a00000, 0x0000000088a00000| Complete 
| 121|0x0000000088b00000, 0x0000000088c00000, 0x0000000088c00000|100%| E|CS|TAMS 0x0000000088b00000, 0x0000000088b00000| Complete 
| 122|0x0000000088c00000, 0x0000000088d00000, 0x0000000088d00000|100%| E|CS|TAMS 0x0000000088c00000, 0x0000000088c00000| Complete 
| 123|0x0000000088d00000, 0x0000000088e00000, 0x0000000088e00000|100%| E|CS|TAMS 0x0000000088d00000, 0x0000000088d00000| Complete 
| 124|0x0000000088e00000, 0x0000000088f00000, 0x0000000088f00000|100%| E|CS|TAMS 0x0000000088e00000, 0x0000000088e00000| Complete 
| 125|0x0000000088f00000, 0x0000000089000000, 0x0000000089000000|100%| E|CS|TAMS 0x0000000088f00000, 0x0000000088f00000| Complete 
| 126|0x0000000089000000, 0x0000000089100000, 0x0000000089100000|100%| E|CS|TAMS 0x0000000089000000, 0x0000000089000000| Complete 
| 127|0x0000000089100000, 0x0000000089200000, 0x0000000089200000|100%| E|CS|TAMS 0x0000000089100000, 0x0000000089100000| Complete 

Card table byte_map: [0x000001ede1540000,0x000001ede1940000] _byte_map_base: 0x000001ede1137000

Marking Bits (Prev, Next): (CMBitMap*) 0x000001edc9a51378, (CMBitMap*) 0x000001edc9a513b8
 Prev Bits: [0x000001ede1d40000, 0x000001ede3cf8000)
 Next Bits: [0x000001ede3d00000, 0x000001ede5cb8000)

Polling page: 0x000001edc7900000

Metaspace:

Usage:
  Non-class:     13.18 MB capacity,    12.91 MB ( 98%) used,   234.73 KB (  2%) free+waste,    41.56 KB ( <1%) overhead. 
      Class:      1.96 MB capacity,     1.78 MB ( 91%) used,   153.34 KB (  8%) free+waste,    23.00 KB (  1%) overhead. 
       Both:     15.13 MB capacity,    14.69 MB ( 97%) used,   388.08 KB (  3%) free+waste,    64.56 KB ( <1%) overhead. 

Virtual space:
  Non-class space:       14.00 MB reserved,      13.25 MB ( 95%) committed 
      Class space:        1.00 GB reserved,       2.00 MB ( <1%) committed 
             Both:        1.01 GB reserved,      15.25 MB (  1%) committed 

Chunk freelists:
   Non-Class:  1.38 KB
       Class:  1.63 KB
        Both:  3.00 KB

CodeHeap 'non-profiled nmethods': size=120000Kb used=653Kb max_used=653Kb free=119346Kb
 bounds [0x000001edd98e0000, 0x000001edd9b50000, 0x000001ede0e10000]
CodeHeap 'profiled nmethods': size=120000Kb used=3716Kb max_used=3806Kb free=116283Kb
 bounds [0x000001edd23b0000, 0x000001edd2770000, 0x000001edd98e0000]
CodeHeap 'non-nmethods': size=5760Kb used=1265Kb max_used=1297Kb free=4494Kb
 bounds [0x000001edd1e10000, 0x000001edd2080000, 0x000001edd23b0000]
 total_blobs=3055 nmethods=1844 adapters=554
 compilation: enabled
              stopped_count=0, restarted_count=0
 full_count=0

Compilation events (10 events):
Event: 3.046 Thread 0x000001ede8710000 nmethod 2037 0x000001edd2767d90 code [0x000001edd2767f60, 0x000001edd27681f8]
Event: 3.046 Thread 0x000001ede8710000 2038   !   3       sun.java2d.SunGraphics2D::validateCompClip (186 bytes)
Event: 3.047 Thread 0x000001ede8710000 nmethod 2038 0x000001edd2768290 code [0x000001edd2768560, 0x000001edd27694a0]
Event: 3.047 Thread 0x000001ede8710000 2039       3       java.awt.geom.AffineTransform::translate (547 bytes)
Event: 3.049 Thread 0x000001ede8710000 nmethod 2039 0x000001edd2769910 code [0x000001edd2769b20, 0x000001edd276a810]
Event: 3.049 Thread 0x000001ede8710000 2040  s    3       javax.swing.RepaintManager::extendDirtyRegion (36 bytes)
Event: 3.049 Thread 0x000001ede8710000 nmethod 2040 0x000001edd276a910 code [0x000001edd276ab00, 0x000001edd276b0e0]
Event: 3.075 Thread 0x000001edeba7f800 nmethod 1923 0x000001edd9977c90 code [0x000001edd9977fa0, 0x000001edd997b750]
Event: 3.075 Thread 0x000001edeba7f800 2021       4       java.awt.Rectangle::<init> (26 bytes)
Event: 3.075 Thread 0x000001edeba7f800 nmethod 2021 0x000001edd98e9990 code [0x000001edd98e9b20, 0x000001edd98e9b98]

GC Heap History (2 events):
Event: 1.896 GC heap before
{Heap before GC invocations=0 (full 0):
 garbage-first heap   total 131072K, used 23552K [0x0000000081200000, 0x0000000100000000)
  region size 1024K, 24 young (24576K), 0 survivors (0K)
 Metaspace       used 8729K, capacity 9070K, committed 9216K, reserved 1056768K
  class space    used 1028K, capacity 1155K, committed 1280K, reserved 1048576K
}
Event: 1.910 GC heap after
{Heap after GC invocations=1 (full 0):
 garbage-first heap   total 131072K, used 3843K [0x0000000081200000, 0x0000000100000000)
  region size 1024K, 3 young (3072K), 3 survivors (3072K)
 Metaspace       used 8729K, capacity 9070K, committed 9216K, reserved 1056768K
  class space    used 1028K, capacity 1155K, committed 1280K, reserved 1048576K
}

Deoptimization events (10 events):
Event: 1.324 Thread 0x000001edc9a0f000 Uncommon trap: reason=unstable_if action=reinterpret pc=0x000001edd9915020 method=java.lang.String.getBytes([BIB)V @ 5 c2
Event: 1.657 Thread 0x000001ede98ad800 Uncommon trap: reason=unstable_if action=reinterpret pc=0x000001edd9909f04 method=java.lang.StringCoding.hasNegatives([BII)Z @ 12 c2
Event: 1.657 Thread 0x000001ede98ad800 Uncommon trap: reason=unstable_if action=reinterpret pc=0x000001edd9902448 method=java.lang.StringUTF16.compress([CI[BII)I @ 20 c2
Event: 1.877 Thread 0x000001ede98ad800 Uncommon trap: reason=unstable_if action=reinterpret pc=0x000001edd98e73d8 method=java.lang.String.hashCode()I @ 22 c2
Event: 2.279 Thread 0x000001ede98ad800 Uncommon trap: reason=unstable_if action=reinterpret pc=0x000001edd9948204 method=java.lang.String.<init>([CIILjava/lang/Void;)V @ 43 c2
Event: 2.300 Thread 0x000001ede98ad800 Uncommon trap: reason=unstable_if action=reinterpret pc=0x000001edd9948a60 method=java.lang.ref.SoftReference.get()Ljava/lang/Object; @ 6 c2
Event: 2.640 Thread 0x000001ede9b7f000 Uncommon trap: reason=class_check action=maybe_recompile pc=0x000001edd98e9b18 method=java.lang.String.equals(Ljava/lang/Object;)Z @ 8 c2
Event: 2.640 Thread 0x000001ede9b7f000 Uncommon trap: reason=class_check action=maybe_recompile pc=0x000001edd98e9b18 method=java.lang.String.equals(Ljava/lang/Object;)Z @ 8 c2
Event: 2.641 Thread 0x000001ede9b7f000 Uncommon trap: reason=class_check action=maybe_recompile pc=0x000001edd98e9b18 method=java.lang.String.equals(Ljava/lang/Object;)Z @ 8 c2
Event: 2.641 Thread 0x000001ede9b7f000 Uncommon trap: reason=class_check action=maybe_recompile pc=0x000001edd98e9b18 method=java.lang.String.equals(Ljava/lang/Object;)Z @ 8 c2

Classes redefined (1 events):
Event: 1.555 Thread 0x000001ede86e8800 redefined class name=org.jpacman.framework.ui.MainUI, count=1

Internal exceptions (10 events):
Event: 1.945 Thread 0x000001ede98ad800 Exception <a 'java/lang/NoSuchMethodError'{0x0000000089162a88}: java.lang.invoke.DirectMethodHandle$Holder.invokeStatic(Ljava/lang/Object;ILjava/lang/Object;Ljava/lang/Object;Ljava/lang/Object;Ljava/lang/Object;)Ljava/lang/Object;> (0x0000000089162a88) th
Event: 1.947 Thread 0x000001ede98ad800 Exception <a 'java/lang/NoSuchMethodError'{0x00000000891696b8}: java.lang.invoke.DirectMethodHandle$Holder.invokeStatic(Ljava/lang/Object;ILjava/lang/Object;Ljava/lang/Object;Ljava/lang/Object;)Ljava/lang/Object;> (0x00000000891696b8) thrown at [t:/worksp
Event: 1.948 Thread 0x000001ede98ad800 Exception <a 'java/lang/NoSuchMethodError'{0x000000008916d1c0}: java.lang.invoke.DirectMethodHandle$Holder.invokeSpecial(Ljava/lang/Object;Ljava/lang/Object;ILjava/lang/Object;Ljava/lang/Object;Ljava/lang/Object;)Ljava/lang/Object;> (0x000000008916d1c0) t
Event: 1.955 Thread 0x000001ede98ad800 Exception <a 'java/lang/NoSuchMethodError'{0x0000000089183fe8}: java.lang.invoke.DirectMethodHandle$Holder.invokeStatic(Ljava/lang/Object;ILjava/lang/Object;)Ljava/lang/Object;> (0x0000000089183fe8) thrown at [t:/workspace/open/src/hotspot/share/interpret
Event: 2.004 Thread 0x000001ede98ad800 Exception <a 'java/lang/ClassNotFoundException'{0x00000000890b06c0}: com/sun/swing/internal/plaf/metal/resources/spi/metalProvider> (0x00000000890b06c0) thrown at [t:/workspace/open/src/hotspot/share/classfile/systemDictionary.cpp, line 235]
Event: 2.007 Thread 0x000001ede98ad800 Exception <a 'java/lang/ClassNotFoundException'{0x00000000890ba570}: com/sun/swing/internal/plaf/basic/resources/spi/basicProvider> (0x00000000890ba570) thrown at [t:/workspace/open/src/hotspot/share/classfile/systemDictionary.cpp, line 235]
Event: 2.270 Thread 0x000001ede98ad800 Exception <a 'java/io/FileNotFoundException'{0x0000000088cb0b28}> (0x0000000088cb0b28) thrown at [t:/workspace/open/src/hotspot/share/prims/jni.cpp, line 615]
Event: 2.270 Thread 0x000001ede98ad800 Exception <a 'java/lang/NullPointerException'{0x0000000088cb1630}> (0x0000000088cb1630) thrown at [t:/workspace/open/src/hotspot/share/interpreter/linkResolver.cpp, line 1356]
Event: 2.380 Thread 0x000001ede98ad800 Exception <a 'java/lang/NoSuchMethodError'{0x0000000088aee588}: java.lang.invoke.DirectMethodHandle$Holder.invokeStaticInit(Ljava/lang/Object;)V> (0x0000000088aee588) thrown at [t:/workspace/open/src/hotspot/share/interpreter/linkResolver.cpp, line 777]
Event: 2.393 Thread 0x000001ede98ad800 Exception <a 'java/lang/NoSuchMethodError'{0x00000000889ac660}: java.lang.invoke.Invokers$Holder.linkToTargetMethod(Ljava/lang/Object;ILjava/lang/Object;)Ljava/lang/Object;> (0x00000000889ac660) thrown at [t:/workspace/open/src/hotspot/share/interpreter/l

Events (10 events):
Event: 3.071 Thread 0x000001ede8715000 flushing nmethod 0x000001edd2501e10
Event: 3.071 Thread 0x000001ede8715000 flushing nmethod 0x000001edd2502710
Event: 3.071 Thread 0x000001ede8715000 flushing nmethod 0x000001edd2503b90
Event: 3.071 Thread 0x000001ede8715000 flushing nmethod 0x000001edd2517a90
Event: 3.071 Thread 0x000001ede8715000 flushing nmethod 0x000001edd2563f10
Event: 3.071 Thread 0x000001ede8715000 flushing nmethod 0x000001edd2569a90
Event: 3.072 Thread 0x000001ede8715000 flushing nmethod 0x000001edd25e5f90
Event: 3.072 Thread 0x000001ede8715000 flushing nmethod 0x000001edd2650310
Event: 3.072 Thread 0x000001ede8715000 flushing nmethod 0x000001edd26b3610
Event: 3.072 Thread 0x000001ede8715000 flushing nmethod 0x000001edd26b6b10


Dynamic libraries:
0x00007ff6d3020000 - 0x00007ff6d302f000 	C:\Program Files\Java\jdk-12.0.2\bin\java.exe
0x00007ffe28c00000 - 0x00007ffe28df0000 	C:\WINDOWS\SYSTEM32\ntdll.dll
0x00007ffe28150000 - 0x00007ffe28202000 	C:\WINDOWS\System32\KERNEL32.DLL
0x00007ffe26980000 - 0x00007ffe26c23000 	C:\WINDOWS\System32\KERNELBASE.dll
0x00007ffe26880000 - 0x00007ffe2697a000 	C:\WINDOWS\System32\ucrtbase.dll
0x00007ffe221a0000 - 0x00007ffe221b8000 	C:\Program Files\Java\jdk-12.0.2\bin\jli.dll
0x00007ffe17ae0000 - 0x00007ffe17af6000 	C:\Program Files\Java\jdk-12.0.2\bin\VCRUNTIME140.dll
0x00007ffe28730000 - 0x00007ffe287d3000 	C:\WINDOWS\System32\ADVAPI32.dll
0x00007ffe28810000 - 0x00007ffe288ae000 	C:\WINDOWS\System32\msvcrt.dll
0x00007ffe28b20000 - 0x00007ffe28bb7000 	C:\WINDOWS\System32\sechost.dll
0x00007ffe27f40000 - 0x00007ffe28060000 	C:\WINDOWS\System32\RPCRT4.dll
0x00007ffe26fe0000 - 0x00007ffe27174000 	C:\WINDOWS\System32\USER32.dll
0x00007ffe25b90000 - 0x00007ffe25bb1000 	C:\WINDOWS\System32\win32u.dll
0x00007ffe0fd70000 - 0x00007ffe0fff5000 	C:\WINDOWS\WinSxS\amd64_microsoft.windows.common-controls_6595b64144ccf1df_6.0.18362.657_none_e6c5b579130e3898\COMCTL32.dll
0x00007ffe287e0000 - 0x00007ffe28806000 	C:\WINDOWS\System32\GDI32.dll
0x00007ffe27180000 - 0x00007ffe274b6000 	C:\WINDOWS\System32\combase.dll
0x00007ffe266e0000 - 0x00007ffe26874000 	C:\WINDOWS\System32\gdi32full.dll
0x00007ffe26340000 - 0x00007ffe263de000 	C:\WINDOWS\System32\msvcp_win.dll
0x00007ffe26c30000 - 0x00007ffe26cb0000 	C:\WINDOWS\System32\bcryptPrimitives.dll
0x00007ffe1a5c0000 - 0x00007ffe1a5ca000 	C:\WINDOWS\SYSTEM32\VERSION.dll
0x00007ffe28290000 - 0x00007ffe282be000 	C:\WINDOWS\System32\IMM32.DLL
0x00007ffe07770000 - 0x00007ffe0781a000 	C:\Program Files\Java\jdk-12.0.2\bin\msvcp140.dll
0x00007ffdf4910000 - 0x00007ffdf5487000 	C:\Program Files\Java\jdk-12.0.2\bin\server\jvm.dll
0x00007ffe27c90000 - 0x00007ffe27c98000 	C:\WINDOWS\System32\PSAPI.DLL
0x00007ffe22d30000 - 0x00007ffe22d54000 	C:\WINDOWS\SYSTEM32\WINMM.dll
0x00007ffe15530000 - 0x00007ffe15539000 	C:\WINDOWS\SYSTEM32\WSOCK32.dll
0x00007ffe27ed0000 - 0x00007ffe27f3f000 	C:\WINDOWS\System32\WS2_32.dll
0x00007ffe22d00000 - 0x00007ffe22d2d000 	C:\WINDOWS\SYSTEM32\winmmbase.dll
0x00007ffe263e0000 - 0x00007ffe2642a000 	C:\WINDOWS\System32\cfgmgr32.dll
0x00007ffe25ae0000 - 0x00007ffe25af1000 	C:\WINDOWS\System32\kernel.appcore.dll
0x00007ffe15510000 - 0x00007ffe15521000 	C:\Program Files\Java\jdk-12.0.2\bin\verify.dll
0x00007ffe17c50000 - 0x00007ffe17e44000 	C:\WINDOWS\SYSTEM32\DBGHELP.DLL
0x00007ffe17680000 - 0x00007ffe176aa000 	C:\WINDOWS\SYSTEM32\dbgcore.DLL
0x00007ffe154e0000 - 0x00007ffe15506000 	C:\Program Files\Java\jdk-12.0.2\bin\java.dll
0x00007ffe1e1c0000 - 0x00007ffe1e1ce000 	C:\Program Files\Java\jdk-12.0.2\bin\instrument.dll
0x00007ffe154c0000 - 0x00007ffe154d7000 	C:\Program Files\Java\jdk-12.0.2\bin\zip.dll
0x00007ffe154b0000 - 0x00007ffe154ba000 	C:\Program Files\Java\jdk-12.0.2\bin\jimage.dll
0x00007ffe275a0000 - 0x00007ffe27c85000 	C:\WINDOWS\System32\SHELL32.dll
0x00007ffe28a70000 - 0x00007ffe28b19000 	C:\WINDOWS\System32\shcore.dll
0x00007ffe25bc0000 - 0x00007ffe2633f000 	C:\WINDOWS\System32\windows.storage.dll
0x00007ffe25b70000 - 0x00007ffe25b8f000 	C:\WINDOWS\System32\profapi.dll
0x00007ffe25b00000 - 0x00007ffe25b4a000 	C:\WINDOWS\System32\powrprof.dll
0x00007ffe25ad0000 - 0x00007ffe25ae0000 	C:\WINDOWS\System32\UMPDC.dll
0x00007ffe26dd0000 - 0x00007ffe26e22000 	C:\WINDOWS\System32\shlwapi.dll
0x00007ffe26430000 - 0x00007ffe26447000 	C:\WINDOWS\System32\cryptsp.dll
0x00007ffe15490000 - 0x00007ffe154a9000 	C:\Program Files\Java\jdk-12.0.2\bin\net.dll
0x00007ffe200f0000 - 0x00007ffe201e0000 	C:\WINDOWS\SYSTEM32\WINHTTP.dll
0x00007ffe13cd0000 - 0x00007ffe13ea6000 	C:\WINDOWS\SYSTEM32\urlmon.dll
0x00007ffe13a20000 - 0x00007ffe13cc6000 	C:\WINDOWS\SYSTEM32\iertutil.dll
0x00007ffe25510000 - 0x00007ffe2551c000 	C:\WINDOWS\SYSTEM32\CRYPTBASE.DLL
0x00007ffe25340000 - 0x00007ffe253a7000 	C:\WINDOWS\system32\mswsock.dll
0x00007ffe08670000 - 0x00007ffe08683000 	C:\Program Files\Java\jdk-12.0.2\bin\nio.dll
0x00007ffe25090000 - 0x00007ffe2515a000 	C:\WINDOWS\SYSTEM32\DNSAPI.dll
0x00007ffe27590000 - 0x00007ffe27598000 	C:\WINDOWS\System32\NSI.dll
0x00007ffe25050000 - 0x00007ffe2508a000 	C:\WINDOWS\SYSTEM32\IPHLPAPI.DLL
0x00007ffe19ef0000 - 0x00007ffe19efa000 	C:\Windows\System32\rasadhlp.dll
0x00007ffe19e70000 - 0x00007ffe19ee7000 	C:\WINDOWS\System32\fwpuclnt.dll
0x00007ffe264b0000 - 0x00007ffe264d6000 	C:\WINDOWS\System32\bcrypt.dll
0x00007ffe1f1b0000 - 0x00007ffe1f1b9000 	C:\Program Files\Java\jdk-12.0.2\bin\management.dll
0x00007ffe1e1d0000 - 0x00007ffe1e1dc000 	C:\Program Files\Java\jdk-12.0.2\bin\management_ext.dll
0x00007ffdf6a50000 - 0x00007ffdf6bef000 	C:\Program Files\Java\jdk-12.0.2\bin\awt.dll
0x00007ffe28080000 - 0x00007ffe28144000 	C:\WINDOWS\System32\OLEAUT32.dll
0x00007ffe22740000 - 0x00007ffe22d00000 	C:\WINDOWS\SYSTEM32\d2d1.dll
0x00007ffe23c50000 - 0x00007ffe23cdf000 	C:\WINDOWS\SYSTEM32\apphelp.dll
0x00007ffe24160000 - 0x00007ffe2418d000 	C:\WINDOWS\system32\DWMAPI.DLL
0x00007ffe23e10000 - 0x00007ffe23ea9000 	C:\WINDOWS\system32\uxtheme.dll
0x00007ffe16ab0000 - 0x00007ffe16c06000 	C:\WINDOWS\system32\opengl32.dll
0x00007ffe1f160000 - 0x00007ffe1f18c000 	C:\WINDOWS\SYSTEM32\GLU32.dll
0x00007ffe24740000 - 0x00007ffe24760000 	C:\WINDOWS\SYSTEM32\dxcore.dll
0x00007ffe27d10000 - 0x00007ffe27e45000 	C:\WINDOWS\System32\MSCTF.dll
0x00007ffe28910000 - 0x00007ffe28a66000 	C:\WINDOWS\System32\ole32.dll
0x00007ffe0b930000 - 0x00007ffe0b9b0000 	C:\Program Files\Java\jdk-12.0.2\bin\freetype.dll
0x00007ffe07820000 - 0x00007ffe078cb000 	C:\Program Files\Java\jdk-12.0.2\bin\fontmanager.dll
0x00007ffe26cb0000 - 0x00007ffe26d52000 	C:\WINDOWS\System32\clbcatq.dll
0x00007ffe20d40000 - 0x00007ffe20eef000 	C:\WINDOWS\SYSTEM32\WindowsCodecs.dll
0x00007ffe15b30000 - 0x00007ffe15b6a000 	C:\WINDOWS\system32\dataexchange.dll
0x00007ffe22d60000 - 0x00007ffe22fbb000 	C:\WINDOWS\system32\d3d11.dll
0x00007ffe23420000 - 0x00007ffe235fb000 	C:\WINDOWS\system32\dcomp.dll
0x00007ffe247d0000 - 0x00007ffe248bb000 	C:\WINDOWS\system32\dxgi.dll
0x00007ffe23f00000 - 0x00007ffe2415a000 	C:\WINDOWS\system32\twinapi.appcore.dll
0x00007ffe24410000 - 0x00007ffe24439000 	C:\WINDOWS\system32\RMCLIENT.dll
0x00007ffe041d0000 - 0x00007ffe0426e000 	C:\WINDOWS\System32\TextInputFramework.dll
0x00007ffe20ef0000 - 0x00007ffe2121a000 	C:\WINDOWS\System32\CoreUIComponents.dll
0x00007ffe23a40000 - 0x00007ffe23b14000 	C:\WINDOWS\System32\CoreMessaging.dll
0x00007ffe24b30000 - 0x00007ffe24b61000 	C:\WINDOWS\SYSTEM32\ntmarta.dll
0x00007ffe219f0000 - 0x00007ffe21b43000 	C:\WINDOWS\SYSTEM32\wintypes.dll
0x00007ffe15df0000 - 0x00007ffe15e55000 	C:\WINDOWS\system32\Oleacc.dll
0x00007ffdf6c80000 - 0x00007ffdf6d3f000 	C:\WINDOWS\system32\msctfuimanager.dll
0x00007ffe0c430000 - 0x00007ffe0c5e3000 	C:\WINDOWS\system32\DUI70.dll
0x00007ffe01c90000 - 0x00007ffe01d23000 	C:\WINDOWS\system32\DUser.dll
0x00007ffe06890000 - 0x00007ffe06b00000 	C:\WINDOWS\SYSTEM32\UIAutomationCore.dll
0x00007ffe25920000 - 0x00007ffe259bd000 	C:\WINDOWS\SYSTEM32\sxs.dll
0x00007ffe20bf0000 - 0x00007ffe20c37000 	C:\WINDOWS\System32\UIAnimation.dll
0x00007ffe0b090000 - 0x00007ffe0b38e000 	C:\WINDOWS\system32\dwrite.dll
0x00007ffdfa590000 - 0x00007ffdfacd1000 	C:\WINDOWS\SYSTEM32\D3D10Warp.dll
0x00007ffe16910000 - 0x00007ffe169a9000 	C:\WINDOWS\system32\directmanipulation.dll

dbghelp: loaded successfully - version: 4.0.5 - missing functions: none
symbol engine: initialized successfully - sym options: 0x614 - pdb path: .;C:\Program Files\Java\jdk-12.0.2\bin;C:\WINDOWS\SYSTEM32;C:\WINDOWS\WinSxS\amd64_microsoft.windows.common-controls_6595b64144ccf1df_6.0.18362.657_none_e6c5b579130e3898;C:\Program Files\Java\jdk-12.0.2\bin\server

VM Arguments:
jvm_args: -enableassertions -javaagent:C:\Users\41615\AppData\Local\Temp\15835288808550704716486796312311150008624161946191.jar -Dclassworlds.conf=D:\Setup Packages\apache-maven-3.6.3-bin\apache-maven-3.6.3\bin\..\bin\m2.conf -Dmaven.home=D:\Setup Packages\apache-maven-3.6.3-bin\apache-maven-3.6.3\bin\.. -Dlibrary.jansi.path=D:\Setup Packages\apache-maven-3.6.3-bin\apache-maven-3.6.3\bin\..\lib\jansi-native -Dmaven.multiModuleProjectDirectory=D:\GitHub\Group9 
java_command: org.pitest.mutationtest.execute.MutationTestMinion 9402
java_class_path (initial): ;D:\GitHub\Group9\target\test-classes;D:\GitHub\Group9\target\classes;D:\Setup Packages\apache-maven-3.6.3-bin\maven-repository\junit\junit\4.10\junit-4.10.jar;D:\Setup Packages\apache-maven-3.6.3-bin\maven-repository\org\hamcrest\hamcrest-core\1.1\hamcrest-core-1.1.jar;D:\Setup Packages\apache-maven-3.6.3-bin\maven-repository\org\mockito\mockito-core\1.9.5-rc1\mockito-core-1.9.5-rc1.jar;D:\Setup Packages\apache-maven-3.6.3-bin\maven-repository\org\objenesis\objenesis\1.0\objenesis-1.0.jar;D:\Setup Packages\apache-maven-3.6.3-bin\maven-repository\org\hamcrest\hamcrest-all\1.3\hamcrest-all-1.3.jar;D:\Setup Packages\apache-maven-3.6.3-bin\maven-repository\org\pitest\pitest\1.2.0\pitest-1.2.0.jar
Launcher Type: SUN_STANDARD

[Global flags]
     intx CICompilerCount                          = 4                                         {product} {ergonomic}
     uint ConcGCThreads                            = 2                                         {product} {ergonomic}
     uint G1ConcRefinementThreads                  = 8                                         {product} {ergonomic}
   size_t G1HeapRegionSize                         = 1048576                                   {product} {ergonomic}
    uintx GCDrainStackTargetSize                   = 64                                        {product} {ergonomic}
   size_t InitialHeapSize                          = 134217728                                 {product} {ergonomic}
   size_t MarkStackSize                            = 4194304                                   {product} {ergonomic}
   size_t MaxHeapSize                              = 2128609280                                {product} {ergonomic}
   size_t MaxNewSize                               = 1277165568                                {product} {ergonomic}
   size_t MinHeapDeltaBytes                        = 1048576                                   {product} {ergonomic}
    uintx NonNMethodCodeHeapSize                   = 5836300                                {pd product} {ergonomic}
    uintx NonProfiledCodeHeapSize                  = 122910970                              {pd product} {ergonomic}
    uintx ProfiledCodeHeapSize                     = 122910970                              {pd product} {ergonomic}
    uintx ReservedCodeCacheSize                    = 251658240                              {pd product} {ergonomic}
     bool SegmentedCodeCache                       = true                                      {product} {ergonomic}
     bool UseCompressedClassPointers               = true                                 {lp64_product} {ergonomic}
     bool UseCompressedOops                        = true                                 {lp64_product} {ergonomic}
     bool UseG1GC                                  = true                                      {product} {ergonomic}
     bool UseLargePagesIndividualAllocation        = false                                  {pd product} {ergonomic}

Logging:
Log output configuration:
 #0: stdout all=warning uptime,level,tags
 #1: stderr all=off uptime,level,tags

Environment Variables:
JAVA_HOME=C:\Program Files\Java\jdk-12.0.2
CLASSPATH=;D:\GitHub\Group9\target\test-classes;D:\GitHub\Group9\target\classes;D:\Setup Packages\apache-maven-3.6.3-bin\maven-repository\junit\junit\4.10\junit-4.10.jar;D:\Setup Packages\apache-maven-3.6.3-bin\maven-repository\org\hamcrest\hamcrest-core\1.1\hamcrest-core-1.1.jar;D:\Setup Packages\apache-maven-3.6.3-bin\maven-repository\org\mockito\mockito-core\1.9.5-rc1\mockito-core-1.9.5-rc1.jar;D:\Setup Packages\apache-maven-3.6.3-bin\maven-repository\org\objenesis\objenesis\1.0\objenesis-1.0.jar;D:\Setup Packages\apache-maven-3.6.3-bin\maven-repository\org\hamcrest\hamcrest-all\1.3\hamcrest-all-1.3.jar;D:\Setup Packages\apache-maven-3.6.3-bin\maven-repository\org\pitest\pitest\1.2.0\pitest-1.2.0.jar
PATH=C:\WINDOWS\system32;C:\WINDOWS;C:\WINDOWS\System32\Wbem;C:\WINDOWS\System32\WindowsPowerShell\v1.0\;C:\WINDOWS\System32\OpenSSH\;D:\Program Files\MATLAB\R2016a\runtime\win64;D:\Program Files\MATLAB\R2016a\bin;D:\Program Files\MATLAB\R2016a\polyspace\bin;C:\Program Files\dotnet\;C:\Program Files\Microsoft SQL Server\130\Tools\Binn\;C:\Program Files (x86)\Microsoft Visual Studio\2017\VC\Tools\MSVC\14.16.27023\bin\Hostx64\x64;C:\Program Files\Microsoft SQL Server\110\Tools\Binn\;D:\caffe-master -windows\caffe-master\Build\x64\Release;C:\Program Files\Git\cmd;C:\Program Files\MongoDB\Server\4.2\bin;D:\Program Files\Geth;D:\Setup Packages\apache-maven-3.6.3-bin\apache-maven-3.6.3\bin;D:\Program Files\nodejs\;C:\ProgramData\chocolatey\bin;C:\Users\41615\AppData\Local\Programs\Python\Python38\Scripts\;C:\Users\41615\AppData\Local\Programs\Python\Python38\;C:\Users\41615\AppData\Local\Microsoft\WindowsApps;C:\texlive\2019\bin\win32;C:\Program Files\Java\jdk-12.0.2\bin;D:\Program Files\VSCode\Microsoft VS Code\bin;D:\Setup Packages\apache-maven-3.6.3-bin\apache-maven-3.6.3\bin;C:\Users\41615\AppData\Roaming\npm;C:\Users\41615\.dotnet\tools;C:\Users\41615\AppData\Local\GitHubDesktop\bin
USERNAME=41615
OS=Windows_NT
PROCESSOR_IDENTIFIER=Intel64 Family 6 Model 142 Stepping 10, GenuineIntel



---------------  S Y S T E M  ---------------

OS: Windows 10 , 64 bit Build 18362 (10.0.18362.329)

CPU:total 8 (initial active 8) (4 cores per cpu, 2 threads per core) family 6 model 142 stepping 10, cmov, cx8, fxsr, mmx, sse, sse2, sse3, ssse3, sse4.1, sse4.2, popcnt, avx, avx2, aes, clmul, erms, 3dnowpref, lzcnt, ht, tsc, tscinvbit, bmi1, bmi2, adx, fma

Memory: 4k page, system-wide physical 8116M (2531M free)
TotalPageFile size 17844M (AvailPageFile size 10555M)
current process WorkingSet (physical memory assigned to process): 134M, peak: 138M
current process commit charge ("private bytes"): 258M, peak: 262M

vm_info: Java HotSpot(TM) 64-Bit Server VM (12.0.2+10) for windows-amd64 JRE (12.0.2+10), built on Jul 16 2019 01:56:17 by "mach5one" with MS VC++ 15.5 (VS2017)

END.
