#
# A fatal error has been detected by the Java Runtime Environment:
#
#  EXCEPTION_ACCESS_VIOLATION (0xc0000005) at pc=0x00007ffe03ddc21d, pid=14920, tid=13120
#
# JRE version: Java(TM) SE Runtime Environment (12.0.2+10) (build 12.0.2+10)
# Java VM: Java HotSpot(TM) 64-Bit Server VM (12.0.2+10, mixed mode, sharing, tiered, compressed oops, g1 gc, windows-amd64)
# Problematic frame:
# C  [msctfuimanager.dll+0xc21d]
#
# No core dump will be written. Minidumps are not enabled by default on client versions of Windows
#
# If you would like to submit a bug report, please visit:
#   http://bugreport.java.com/bugreport/crash.jsp
# The crash happened outside the Java Virtual Machine in native code.
# See problematic frame for where to report the bug.
#

---------------  S U M M A R Y ------------

Command Line: -javaagent:C:\Users\41615\eclipse\jee-2019-09\eclipse\configuration\org.eclipse.osgi\927\0\.cp\jacocoagent.jar=includes=*,excludes=,exclclassloader=sun.reflect.DelegatingClassLoader,output=tcpclient,port=25558 -ea -Dfile.encoding=UTF-8 org.eclipse.jdt.internal.junit.runner.RemoteTestRunner -version 3 -port 25559 -testLoaderClass org.eclipse.jdt.internal.junit4.runner.JUnit4TestLoader -loaderpluginname org.eclipse.jdt.junit4.runtime -testNameFile C:\Users\41615\AppData\Local\Temp\testNames2047214560428139647.txt

Host: Intel(R) Core(TM) i5-8250U CPU @ 1.60GHz, 8 cores, 7G,  Windows 10 , 64 bit Build 18362 (10.0.18362.329)
Time: Sat Mar  7 12:08:40 2020 ¨¬????¨®¡À¨º¡Á?¨º¡À?? elapsed time: 3 seconds (0d 0h 0m 3s)

---------------  T H R E A D  ---------------

Current thread (0x000001507b4f4800):  JavaThread "AWT-Windows" daemon [_thread_in_native, id=13120, stack(0x0000001e27b00000,0x0000001e27c00000)]

Stack: [0x0000001e27b00000,0x0000001e27c00000],  sp=0x0000001e27bfd9c0,  free space=1014k
Native frames: (J=compiled Java code, j=interpreted, Vv=VM code, C=native code)
C  [msctfuimanager.dll+0xc21d]

Java frames: (J=compiled Java code, j=interpreted, Vv=VM code)
j  sun.awt.windows.WToolkit.eventLoop()V+0 java.desktop@12.0.2
j  sun.awt.windows.WToolkit.run()V+50 java.desktop@12.0.2
j  java.lang.Thread.run()V+11 java.base@12.0.2
v  ~StubRoutines::call_stub

siginfo: EXCEPTION_ACCESS_VIOLATION (0xc0000005), reading address 0xffffffffffffffff


Register to memory mapping:

RIP=0x00007ffe03ddc21d msctfuimanager.dll
RAX=0x005c003f003f005c is an unknown value
RBX=0x000001507e2ee8d0 points into unknown readable memory: 90 84 e1 03 fe 7f 00 00
RCX=0x000001507a8769b0 points into unknown readable memory: 5c 00 3f 00 3f 00 5c 00
RDX=0x0000001e27bfda20 is pointing into the stack for thread: 0x000001507b4f4800
RSP=0x0000001e27bfd9c0 is pointing into the stack for thread: 0x000001507b4f4800
RBP=0x0000001e27bfda00 is pointing into the stack for thread: 0x000001507b4f4800
RSI=0x000001507a8769b0 points into unknown readable memory: 5c 00 3f 00 3f 00 5c 00
RDI=0x000001507a8769b0 points into unknown readable memory: 5c 00 3f 00 3f 00 5c 00
R8 =0x0000001e27bfd8e8 is pointing into the stack for thread: 0x000001507b4f4800
R9 =0x0000001e27bfd950 is pointing into the stack for thread: 0x000001507b4f4800
R10=0x0 is NULL
R11=0x0000000000000246 is an unknown value
R12=0x0 is NULL
R13=0x0000015058918be8 points into unknown readable memory: 00 00 00 00 00 00 00 00
R14=0x0000000000000050 is an unknown value
R15=0x0000001e27bfdeb0 is pointing into the stack for thread: 0x000001507b4f4800


Registers:
RAX=0x005c003f003f005c, RBX=0x000001507e2ee8d0, RCX=0x000001507a8769b0, RDX=0x0000001e27bfda20
RSP=0x0000001e27bfd9c0, RBP=0x0000001e27bfda00, RSI=0x000001507a8769b0, RDI=0x000001507a8769b0
R8 =0x0000001e27bfd8e8, R9 =0x0000001e27bfd950, R10=0x0000000000000000, R11=0x0000000000000246
R12=0x0000000000000000, R13=0x0000015058918be8, R14=0x0000000000000050, R15=0x0000001e27bfdeb0
RIP=0x00007ffe03ddc21d, EFLAGS=0x0000000000010246

Top of Stack: (sp=0x0000001e27bfd9c0)
0x0000001e27bfd9c0:   0000000700000e65 0000000000000000
0x0000001e27bfd9d0:   0000001e27bfdeb0 0000000000000050
0x0000001e27bfd9e0:   0000000000000804 00007ffe03de8bf2
0x0000001e27bfd9f0:   0000000000000000 0000000000000804
0x0000001e27bfda00:   000001507a8769b0 000001507e2ee8d0
0x0000001e27bfda10:   0000001e27bfdb20 00007ffe03ddb7b1
0x0000001e27bfda20:   0000015000000000 0000000000000000
0x0000001e27bfda30:   0000001e27bfdb20 000001507e2ee8d0
0x0000001e27bfda40:   0000000000000000 0000000000000010
0x0000001e27bfda50:   0000000000000000 0000001e27bfda78
0x0000001e27bfda60:   0000000000000000 0000000000000000
0x0000001e27bfda70:   0000000000000000 0000000000000000
0x0000001e27bfda80:   000001507e30d430 00007ffe03e23200
0x0000001e27bfda90:   0000001e27bfdeb0 0000001e27bfdec8
0x0000001e27bfdaa0:   0000000000000e65 0000000000000007
0x0000001e27bfdab0:   0000000000000001 000001507e2eeb74 

Instructions: (pc=0x00007ffe03ddc21d)
0x00007ffe03ddc11d:   04 00 48 89 b3 38 01 00 00 48 8b ce 48 8b 01 48
0x00007ffe03ddc12d:   8b 40 60 ff 15 4a 19 04 00 48 8b c8 ff 15 39 13
0x00007ffe03ddc13d:   04 00 48 89 83 20 01 00 00 33 d2 41 b8 80 00 00
0x00007ffe03ddc14d:   00 0f 10 07 0f 11 43 60 0f 10 4f 10 0f 11 4b 70
0x00007ffe03ddc15d:   0f 10 47 20 48 8d bb 90 00 00 00 48 8b cf 0f 11
0x00007ffe03ddc16d:   83 80 00 00 00 e8 cf b0 03 00 4c 8b 43 78 4d 85
0x00007ffe03ddc17d:   c0 74 10 ba 40 00 00 00 48 8b cf e8 c7 53 ff ff
0x00007ffe03ddc18d:   44 8b f0 48 89 7b 78 48 8b 4d 30 48 85 c9 74 0d
0x00007ffe03ddc19d:   48 8b 11 48 8b 42 10 ff 15 d6 18 04 00 4c 8d 5c
0x00007ffe03ddc1ad:   24 60 41 8b c6 49 8b 5b 38 49 8b 73 40 49 8b e3
0x00007ffe03ddc1bd:   41 5f 41 5e 41 5c 5f 5d c3 cc cc cc cc cc cc 48
0x00007ffe03ddc1cd:   89 5c 24 10 55 56 57 48 8b ec 48 83 ec 40 48 83
0x00007ffe03ddc1dd:   b9 38 01 00 00 00 48 8b f2 48 8b d9 75 24 48 8b
0x00007ffe03ddc1ed:   4d 18 4c 8d 05 aa 37 04 00 bb ff ff 00 80 ba a6
0x00007ffe03ddc1fd:   09 00 00 44 8b cb e8 98 61 ff ff 8b c3 e9 3b 01
0x00007ffe03ddc20d:   00 00 48 8b 02 48 8b ce 83 65 20 00 48 8d 55 20
0x00007ffe03ddc21d:   48 8b 40 18 ff 15 59 18 04 00 8b f8 85 c0 79 1d
0x00007ffe03ddc22d:   48 8b 4d 18 4c 8d 05 68 37 04 00 44 8b c8 ba ae
0x00007ffe03ddc23d:   09 00 00 e8 5b 61 ff ff e9 fe 00 00 00 48 8b 8b
0x00007ffe03ddc24d:   30 01 00 00 48 85 c9 74 15 48 83 a3 30 01 00 00
0x00007ffe03ddc25d:   00 48 8b 01 48 8b 40 10 ff 15 15 18 04 00 48 8b
0x00007ffe03ddc26d:   83 18 01 00 00 48 8b ce 48 89 45 e0 8b 83 14 01
0x00007ffe03ddc27d:   00 00 c1 e8 09 24 01 48 89 75 f0 88 45 e8 48 8b
0x00007ffe03ddc28d:   06 48 8b 40 08 ff 15 e8 17 04 00 8b 43 60 48 8d
0x00007ffe03ddc29d:   55 30 48 83 65 30 00 48 8d 4d e0 c1 e8 09 24 01
0x00007ffe03ddc2ad:   88 45 f8 e8 1b e5 00 00 8b f8 85 c0 78 61 48 8b
0x00007ffe03ddc2bd:   93 30 01 00 00 48 8b 7d 30 48 3b d7 74 3b 48 85
0x00007ffe03ddc2cd:   ff 74 17 48 8b 07 48 8b cf 48 8b 40 08 ff 15 a0
0x00007ffe03ddc2dd:   17 04 00 48 8b 93 30 01 00 00 48 85 d2 74 10 48
0x00007ffe03ddc2ed:   8b 02 48 8b ca 48 8b 40 10 ff 15 84 17 04 00 48
0x00007ffe03ddc2fd:   89 bb 30 01 00 00 48 8b d7 48 8b 8b 38 01 00 00
0x00007ffe03ddc30d:   48 8b 01 48 8b 40 38 ff 15 66 17 04 00 8b f8 48 


Stack slot to memory mapping:
stack at sp + 0 slots: 0x0000000700000e65 is an unknown value
stack at sp + 1 slots: 0x0 is NULL
stack at sp + 2 slots: 0x0000001e27bfdeb0 is pointing into the stack for thread: 0x000001507b4f4800
stack at sp + 3 slots: 0x0000000000000050 is an unknown value
stack at sp + 4 slots: 0x0000000000000804 is an unknown value
stack at sp + 5 slots: 0x00007ffe03de8bf2 msctfuimanager.dll
stack at sp + 6 slots: 0x0 is NULL
stack at sp + 7 slots: 0x0000000000000804 is an unknown value


---------------  P R O C E S S  ---------------

Threads class SMR info:
_java_thread_list=0x000001507b32eb60, length=19, elements={
0x000001505a770800, 0x0000015079444000, 0x0000015079445800, 0x0000015079464800,
0x0000015079467000, 0x000001507946c800, 0x0000015079473800, 0x000001507947f800,
0x0000015079429800, 0x000001507a123800, 0x000001507a19f800, 0x000001507a215800,
0x000001507b67b800, 0x000001507a7c1000, 0x000001507b4f4800, 0x000001507a8fe000,
0x000001507c218800, 0x000001507b23c800, 0x000001507b71c800
}

Java Threads: ( => current thread )
  0x000001505a770800 JavaThread "main" [_thread_in_native, id=17664, stack(0x0000001e26100000,0x0000001e26200000)]
  0x0000015079444000 JavaThread "Reference Handler" daemon [_thread_blocked, id=21860, stack(0x0000001e26800000,0x0000001e26900000)]
  0x0000015079445800 JavaThread "Finalizer" daemon [_thread_blocked, id=21388, stack(0x0000001e26900000,0x0000001e26a00000)]
  0x0000015079464800 JavaThread "Signal Dispatcher" daemon [_thread_blocked, id=16576, stack(0x0000001e26a00000,0x0000001e26b00000)]
  0x0000015079467000 JavaThread "Attach Listener" daemon [_thread_blocked, id=16476, stack(0x0000001e26b00000,0x0000001e26c00000)]
  0x000001507946c800 JavaThread "C2 CompilerThread0" daemon [_thread_blocked, id=10344, stack(0x0000001e26c00000,0x0000001e26d00000)]
  0x0000015079473800 JavaThread "C1 CompilerThread0" daemon [_thread_blocked, id=20928, stack(0x0000001e26d00000,0x0000001e26e00000)]
  0x000001507947f800 JavaThread "Sweeper thread" daemon [_thread_blocked, id=2176, stack(0x0000001e26e00000,0x0000001e26f00000)]
  0x0000015079429800 JavaThread "Common-Cleaner" daemon [_thread_blocked, id=7876, stack(0x0000001e26f00000,0x0000001e27000000)]
  0x000001507a123800 JavaThread "org.jacoco.agent.rt.internal_1f1cc91.output.TcpClientOutput" daemon [_thread_in_native, id=356, stack(0x0000001e27100000,0x0000001e27200000)]
  0x000001507a19f800 JavaThread "Service Thread" daemon [_thread_blocked, id=12204, stack(0x0000001e27200000,0x0000001e27300000)]
  0x000001507a215800 JavaThread "ReaderThread" [_thread_in_native, id=21456, stack(0x0000001e27400000,0x0000001e27500000)]
  0x000001507b67b800 JavaThread "Java2D Disposer" daemon [_thread_blocked, id=10032, stack(0x0000001e27900000,0x0000001e27a00000)]
  0x000001507a7c1000 JavaThread "AWT-Shutdown" [_thread_blocked, id=19976, stack(0x0000001e27a00000,0x0000001e27b00000)]
=>0x000001507b4f4800 JavaThread "AWT-Windows" daemon [_thread_in_native, id=13120, stack(0x0000001e27b00000,0x0000001e27c00000)]
  0x000001507a8fe000 JavaThread "Image Fetcher 0" daemon [_thread_blocked, id=10848, stack(0x0000001e27c00000,0x0000001e27d00000)]
  0x000001507c218800 JavaThread "Image Fetcher 1" daemon [_thread_blocked, id=2024, stack(0x0000001e27d00000,0x0000001e27e00000)]
  0x000001507b23c800 JavaThread "AWT-EventQueue-0" [_thread_blocked, id=2936, stack(0x0000001e27e00000,0x0000001e27f00000)]
  0x000001507b71c800 JavaThread "TimerQueue" daemon [_thread_blocked, id=19340, stack(0x0000001e27f00000,0x0000001e28000000)]

Other Threads:
  0x0000015079440800 VMThread "VM Thread" [stack: 0x0000001e26700000,0x0000001e26800000] [id=14524]
  0x000001507a195800 WatcherThread [stack: 0x0000001e27300000,0x0000001e27400000] [id=15892]
  0x000001505a7aa800 GCTaskThread "GC Thread#0" [stack: 0x0000001e26200000,0x0000001e26300000] [id=6316]
  0x000001507b0e3000 GCTaskThread "GC Thread#1" [stack: 0x0000001e27600000,0x0000001e27700000] [id=17596]
  0x000001507b80b800 GCTaskThread "GC Thread#2" [stack: 0x0000001e27700000,0x0000001e27800000] [id=9156]
  0x000001507a489000 GCTaskThread "GC Thread#3" [stack: 0x0000001e27800000,0x0000001e27900000] [id=7060]
  0x000001505a7b9800 ConcurrentGCThread "G1 Main Marker" [stack: 0x0000001e26300000,0x0000001e26400000] [id=21520]
  0x000001505a7bc800 ConcurrentGCThread "G1 Conc#0" [stack: 0x0000001e26400000,0x0000001e26500000] [id=12932]
  0x00000150792c1000 ConcurrentGCThread "G1 Refine#0" [stack: 0x0000001e26500000,0x0000001e26600000] [id=17384]
  0x00000150792c2800 ConcurrentGCThread "G1 Young RemSet Sampling" [stack: 0x0000001e26600000,0x0000001e26700000] [id=17572]

Threads with active compile tasks:

VM state:not at safepoint (normal execution)

VM Mutex/Monitor currently owned by a thread: None

Heap address: 0x0000000081200000, size: 2030 MB, Compressed Oops mode: 32-bit
Narrow klass base: 0x0000000800000000, Narrow klass shift: 3
Compressed class space size: 1073741824 Address: 0x0000000801190000

Heap:
 garbage-first heap   total 131072K, used 41706K [0x0000000081200000, 0x0000000100000000)
  region size 1024K, 36 young (36864K), 3 survivors (3072K)
 Metaspace       used 15416K, capacity 15843K, committed 16000K, reserved 1062912K
  class space    used 1694K, capacity 1837K, committed 1920K, reserved 1048576K
Heap Regions: E=young(eden), S=young(survivor), O=old, HS=humongous(starts), HC=humongous(continues), CS=collection set, F=free, A=archive, TAMS=top-at-mark-start (previous, next)
|   0|0x0000000081200000, 0x0000000081300000, 0x0000000081300000|100%|HS|  |TAMS 0x0000000081200000, 0x0000000081200000| Complete 
|   1|0x0000000081300000, 0x0000000081400000, 0x0000000081400000|100%|HC|  |TAMS 0x0000000081300000, 0x0000000081300000| Complete 
|   2|0x0000000081400000, 0x0000000081500000, 0x0000000081500000|100%|HC|  |TAMS 0x0000000081400000, 0x0000000081400000| Complete 
|   3|0x0000000081500000, 0x0000000081600000, 0x0000000081600000|100%|HC|  |TAMS 0x0000000081500000, 0x0000000081500000| Complete 
|   4|0x0000000081600000, 0x0000000081700000, 0x0000000081700000|100%|HS|  |TAMS 0x0000000081600000, 0x0000000081600000| Complete 
|   5|0x0000000081700000, 0x0000000081800000, 0x0000000081800000|100%|HS|  |TAMS 0x0000000081700000, 0x0000000081700000| Complete 
|   6|0x0000000081800000, 0x0000000081800000, 0x0000000081900000|  0%| F|  |TAMS 0x0000000081800000, 0x0000000081800000| Untracked 
|   7|0x0000000081900000, 0x0000000081900000, 0x0000000081a00000|  0%| F|  |TAMS 0x0000000081900000, 0x0000000081900000| Untracked 
|   8|0x0000000081a00000, 0x0000000081a00000, 0x0000000081b00000|  0%| F|  |TAMS 0x0000000081a00000, 0x0000000081a00000| Untracked 
|   9|0x0000000081b00000, 0x0000000081b00000, 0x0000000081c00000|  0%| F|  |TAMS 0x0000000081b00000, 0x0000000081b00000| Untracked 
|  10|0x0000000081c00000, 0x0000000081c00000, 0x0000000081d00000|  0%| F|  |TAMS 0x0000000081c00000, 0x0000000081c00000| Untracked 
|  11|0x0000000081d00000, 0x0000000081d00000, 0x0000000081e00000|  0%| F|  |TAMS 0x0000000081d00000, 0x0000000081d00000| Untracked 
|  12|0x0000000081e00000, 0x0000000081e00000, 0x0000000081f00000|  0%| F|  |TAMS 0x0000000081e00000, 0x0000000081e00000| Untracked 
|  13|0x0000000081f00000, 0x0000000081f00000, 0x0000000082000000|  0%| F|  |TAMS 0x0000000081f00000, 0x0000000081f00000| Untracked 
|  14|0x0000000082000000, 0x0000000082000000, 0x0000000082100000|  0%| F|  |TAMS 0x0000000082000000, 0x0000000082000000| Untracked 
|  15|0x0000000082100000, 0x0000000082100000, 0x0000000082200000|  0%| F|  |TAMS 0x0000000082100000, 0x0000000082100000| Untracked 
|  16|0x0000000082200000, 0x0000000082200000, 0x0000000082300000|  0%| F|  |TAMS 0x0000000082200000, 0x0000000082200000| Untracked 
|  17|0x0000000082300000, 0x0000000082300000, 0x0000000082400000|  0%| F|  |TAMS 0x0000000082300000, 0x0000000082300000| Untracked 
|  18|0x0000000082400000, 0x0000000082400000, 0x0000000082500000|  0%| F|  |TAMS 0x0000000082400000, 0x0000000082400000| Untracked 
|  19|0x0000000082500000, 0x0000000082500000, 0x0000000082600000|  0%| F|  |TAMS 0x0000000082500000, 0x0000000082500000| Untracked 
|  20|0x0000000082600000, 0x0000000082600000, 0x0000000082700000|  0%| F|  |TAMS 0x0000000082600000, 0x0000000082600000| Untracked 
|  21|0x0000000082700000, 0x0000000082700000, 0x0000000082800000|  0%| F|  |TAMS 0x0000000082700000, 0x0000000082700000| Untracked 
|  22|0x0000000082800000, 0x0000000082800000, 0x0000000082900000|  0%| F|  |TAMS 0x0000000082800000, 0x0000000082800000| Untracked 
|  23|0x0000000082900000, 0x0000000082900000, 0x0000000082a00000|  0%| F|  |TAMS 0x0000000082900000, 0x0000000082900000| Untracked 
|  24|0x0000000082a00000, 0x0000000082a00000, 0x0000000082b00000|  0%| F|  |TAMS 0x0000000082a00000, 0x0000000082a00000| Untracked 
|  25|0x0000000082b00000, 0x0000000082b00000, 0x0000000082c00000|  0%| F|  |TAMS 0x0000000082b00000, 0x0000000082b00000| Untracked 
|  26|0x0000000082c00000, 0x0000000082c00000, 0x0000000082d00000|  0%| F|  |TAMS 0x0000000082c00000, 0x0000000082c00000| Untracked 
|  27|0x0000000082d00000, 0x0000000082d00000, 0x0000000082e00000|  0%| F|  |TAMS 0x0000000082d00000, 0x0000000082d00000| Untracked 
|  28|0x0000000082e00000, 0x0000000082e00000, 0x0000000082f00000|  0%| F|  |TAMS 0x0000000082e00000, 0x0000000082e00000| Untracked 
|  29|0x0000000082f00000, 0x0000000082f00000, 0x0000000083000000|  0%| F|  |TAMS 0x0000000082f00000, 0x0000000082f00000| Untracked 
|  30|0x0000000083000000, 0x0000000083000000, 0x0000000083100000|  0%| F|  |TAMS 0x0000000083000000, 0x0000000083000000| Untracked 
|  31|0x0000000083100000, 0x0000000083100000, 0x0000000083200000|  0%| F|  |TAMS 0x0000000083100000, 0x0000000083100000| Untracked 
|  32|0x0000000083200000, 0x0000000083200000, 0x0000000083300000|  0%| F|  |TAMS 0x0000000083200000, 0x0000000083200000| Untracked 
|  33|0x0000000083300000, 0x0000000083300000, 0x0000000083400000|  0%| F|  |TAMS 0x0000000083300000, 0x0000000083300000| Untracked 
|  34|0x0000000083400000, 0x0000000083400000, 0x0000000083500000|  0%| F|  |TAMS 0x0000000083400000, 0x0000000083400000| Untracked 
|  35|0x0000000083500000, 0x0000000083500000, 0x0000000083600000|  0%| F|  |TAMS 0x0000000083500000, 0x0000000083500000| Untracked 
|  36|0x0000000083600000, 0x0000000083600000, 0x0000000083700000|  0%| F|  |TAMS 0x0000000083600000, 0x0000000083600000| Untracked 
|  37|0x0000000083700000, 0x0000000083700000, 0x0000000083800000|  0%| F|  |TAMS 0x0000000083700000, 0x0000000083700000| Untracked 
|  38|0x0000000083800000, 0x0000000083800000, 0x0000000083900000|  0%| F|  |TAMS 0x0000000083800000, 0x0000000083800000| Untracked 
|  39|0x0000000083900000, 0x0000000083900000, 0x0000000083a00000|  0%| F|  |TAMS 0x0000000083900000, 0x0000000083900000| Untracked 
|  40|0x0000000083a00000, 0x0000000083a00000, 0x0000000083b00000|  0%| F|  |TAMS 0x0000000083a00000, 0x0000000083a00000| Untracked 
|  41|0x0000000083b00000, 0x0000000083b00000, 0x0000000083c00000|  0%| F|  |TAMS 0x0000000083b00000, 0x0000000083b00000| Untracked 
|  42|0x0000000083c00000, 0x0000000083c00000, 0x0000000083d00000|  0%| F|  |TAMS 0x0000000083c00000, 0x0000000083c00000| Untracked 
|  43|0x0000000083d00000, 0x0000000083d00000, 0x0000000083e00000|  0%| F|  |TAMS 0x0000000083d00000, 0x0000000083d00000| Untracked 
|  44|0x0000000083e00000, 0x0000000083e00000, 0x0000000083f00000|  0%| F|  |TAMS 0x0000000083e00000, 0x0000000083e00000| Untracked 
|  45|0x0000000083f00000, 0x0000000083f00000, 0x0000000084000000|  0%| F|  |TAMS 0x0000000083f00000, 0x0000000083f00000| Untracked 
|  46|0x0000000084000000, 0x0000000084000000, 0x0000000084100000|  0%| F|  |TAMS 0x0000000084000000, 0x0000000084000000| Untracked 
|  47|0x0000000084100000, 0x0000000084100000, 0x0000000084200000|  0%| F|  |TAMS 0x0000000084100000, 0x0000000084100000| Untracked 
|  48|0x0000000084200000, 0x0000000084200000, 0x0000000084300000|  0%| F|  |TAMS 0x0000000084200000, 0x0000000084200000| Untracked 
|  49|0x0000000084300000, 0x0000000084300000, 0x0000000084400000|  0%| F|  |TAMS 0x0000000084300000, 0x0000000084300000| Untracked 
|  50|0x0000000084400000, 0x0000000084400000, 0x0000000084500000|  0%| F|  |TAMS 0x0000000084400000, 0x0000000084400000| Untracked 
|  51|0x0000000084500000, 0x0000000084500000, 0x0000000084600000|  0%| F|  |TAMS 0x0000000084500000, 0x0000000084500000| Untracked 
|  52|0x0000000084600000, 0x0000000084600000, 0x0000000084700000|  0%| F|  |TAMS 0x0000000084600000, 0x0000000084600000| Untracked 
|  53|0x0000000084700000, 0x0000000084700000, 0x0000000084800000|  0%| F|  |TAMS 0x0000000084700000, 0x0000000084700000| Untracked 
|  54|0x0000000084800000, 0x0000000084800000, 0x0000000084900000|  0%| F|  |TAMS 0x0000000084800000, 0x0000000084800000| Untracked 
|  55|0x0000000084900000, 0x0000000084900000, 0x0000000084a00000|  0%| F|  |TAMS 0x0000000084900000, 0x0000000084900000| Untracked 
|  56|0x0000000084a00000, 0x0000000084a00000, 0x0000000084b00000|  0%| F|  |TAMS 0x0000000084a00000, 0x0000000084a00000| Untracked 
|  57|0x0000000084b00000, 0x0000000084b00000, 0x0000000084c00000|  0%| F|  |TAMS 0x0000000084b00000, 0x0000000084b00000| Untracked 
|  58|0x0000000084c00000, 0x0000000084c00000, 0x0000000084d00000|  0%| F|  |TAMS 0x0000000084c00000, 0x0000000084c00000| Untracked 
|  59|0x0000000084d00000, 0x0000000084d00000, 0x0000000084e00000|  0%| F|  |TAMS 0x0000000084d00000, 0x0000000084d00000| Untracked 
|  60|0x0000000084e00000, 0x0000000084e00000, 0x0000000084f00000|  0%| F|  |TAMS 0x0000000084e00000, 0x0000000084e00000| Untracked 
|  61|0x0000000084f00000, 0x0000000084f00000, 0x0000000085000000|  0%| F|  |TAMS 0x0000000084f00000, 0x0000000084f00000| Untracked 
|  62|0x0000000085000000, 0x0000000085000000, 0x0000000085100000|  0%| F|  |TAMS 0x0000000085000000, 0x0000000085000000| Untracked 
|  63|0x0000000085100000, 0x0000000085100000, 0x0000000085200000|  0%| F|  |TAMS 0x0000000085100000, 0x0000000085100000| Untracked 
|  64|0x0000000085200000, 0x0000000085200000, 0x0000000085300000|  0%| F|  |TAMS 0x0000000085200000, 0x0000000085200000| Untracked 
|  65|0x0000000085300000, 0x0000000085300000, 0x0000000085400000|  0%| F|  |TAMS 0x0000000085300000, 0x0000000085300000| Untracked 
|  66|0x0000000085400000, 0x0000000085400000, 0x0000000085500000|  0%| F|  |TAMS 0x0000000085400000, 0x0000000085400000| Untracked 
|  67|0x0000000085500000, 0x0000000085500000, 0x0000000085600000|  0%| F|  |TAMS 0x0000000085500000, 0x0000000085500000| Untracked 
|  68|0x0000000085600000, 0x0000000085600000, 0x0000000085700000|  0%| F|  |TAMS 0x0000000085600000, 0x0000000085600000| Untracked 
|  69|0x0000000085700000, 0x0000000085700000, 0x0000000085800000|  0%| F|  |TAMS 0x0000000085700000, 0x0000000085700000| Untracked 
|  70|0x0000000085800000, 0x0000000085800000, 0x0000000085900000|  0%| F|  |TAMS 0x0000000085800000, 0x0000000085800000| Untracked 
|  71|0x0000000085900000, 0x0000000085900000, 0x0000000085a00000|  0%| F|  |TAMS 0x0000000085900000, 0x0000000085900000| Untracked 
|  72|0x0000000085a00000, 0x0000000085a00000, 0x0000000085b00000|  0%| F|  |TAMS 0x0000000085a00000, 0x0000000085a00000| Untracked 
|  73|0x0000000085b00000, 0x0000000085b00000, 0x0000000085c00000|  0%| F|  |TAMS 0x0000000085b00000, 0x0000000085b00000| Untracked 
|  74|0x0000000085c00000, 0x0000000085c00000, 0x0000000085d00000|  0%| F|  |TAMS 0x0000000085c00000, 0x0000000085c00000| Untracked 
|  75|0x0000000085d00000, 0x0000000085d00000, 0x0000000085e00000|  0%| F|  |TAMS 0x0000000085d00000, 0x0000000085d00000| Untracked 
|  76|0x0000000085e00000, 0x0000000085e00000, 0x0000000085f00000|  0%| F|  |TAMS 0x0000000085e00000, 0x0000000085e00000| Untracked 
|  77|0x0000000085f00000, 0x0000000085f00000, 0x0000000086000000|  0%| F|  |TAMS 0x0000000085f00000, 0x0000000085f00000| Untracked 
|  78|0x0000000086000000, 0x0000000086000000, 0x0000000086100000|  0%| F|  |TAMS 0x0000000086000000, 0x0000000086000000| Untracked 
|  79|0x0000000086100000, 0x0000000086100000, 0x0000000086200000|  0%| F|  |TAMS 0x0000000086100000, 0x0000000086100000| Untracked 
|  80|0x0000000086200000, 0x0000000086200000, 0x0000000086300000|  0%| F|  |TAMS 0x0000000086200000, 0x0000000086200000| Untracked 
|  81|0x0000000086300000, 0x0000000086300000, 0x0000000086400000|  0%| F|  |TAMS 0x0000000086300000, 0x0000000086300000| Untracked 
|  82|0x0000000086400000, 0x0000000086400000, 0x0000000086500000|  0%| F|  |TAMS 0x0000000086400000, 0x0000000086400000| Untracked 
|  83|0x0000000086500000, 0x0000000086500000, 0x0000000086600000|  0%| F|  |TAMS 0x0000000086500000, 0x0000000086500000| Untracked 
|  84|0x0000000086600000, 0x0000000086600000, 0x0000000086700000|  0%| F|  |TAMS 0x0000000086600000, 0x0000000086600000| Untracked 
|  85|0x0000000086700000, 0x0000000086700000, 0x0000000086800000|  0%| F|  |TAMS 0x0000000086700000, 0x0000000086700000| Untracked 
|  86|0x0000000086800000, 0x0000000086800000, 0x0000000086900000|  0%| F|  |TAMS 0x0000000086800000, 0x0000000086800000| Untracked 
|  87|0x0000000086900000, 0x0000000086900000, 0x0000000086a00000|  0%| F|  |TAMS 0x0000000086900000, 0x0000000086900000| Untracked 
|  88|0x0000000086a00000, 0x0000000086a00000, 0x0000000086b00000|  0%| F|  |TAMS 0x0000000086a00000, 0x0000000086a00000| Untracked 
|  89|0x0000000086b00000, 0x0000000086b00000, 0x0000000086c00000|  0%| F|  |TAMS 0x0000000086b00000, 0x0000000086b00000| Untracked 
|  90|0x0000000086c00000, 0x0000000086c00000, 0x0000000086d00000|  0%| F|  |TAMS 0x0000000086c00000, 0x0000000086c00000| Untracked 
|  91|0x0000000086d00000, 0x0000000086d00000, 0x0000000086e00000|  0%| F|  |TAMS 0x0000000086d00000, 0x0000000086d00000| Untracked 
|  92|0x0000000086e00000, 0x0000000086f00000, 0x0000000086f00000|100%| E|  |TAMS 0x0000000086e00000, 0x0000000086e00000| Complete 
|  93|0x0000000086f00000, 0x0000000087000000, 0x0000000087000000|100%| E|CS|TAMS 0x0000000086f00000, 0x0000000086f00000| Complete 
|  94|0x0000000087000000, 0x0000000087100000, 0x0000000087100000|100%| E|CS|TAMS 0x0000000087000000, 0x0000000087000000| Complete 
|  95|0x0000000087100000, 0x0000000087200000, 0x0000000087200000|100%| E|CS|TAMS 0x0000000087100000, 0x0000000087100000| Complete 
|  96|0x0000000087200000, 0x0000000087300000, 0x0000000087300000|100%| E|CS|TAMS 0x0000000087200000, 0x0000000087200000| Complete 
|  97|0x0000000087300000, 0x0000000087400000, 0x0000000087400000|100%| E|CS|TAMS 0x0000000087300000, 0x0000000087300000| Complete 
|  98|0x0000000087400000, 0x0000000087500000, 0x0000000087500000|100%| E|CS|TAMS 0x0000000087400000, 0x0000000087400000| Complete 
|  99|0x0000000087500000, 0x0000000087600000, 0x0000000087600000|100%| E|CS|TAMS 0x0000000087500000, 0x0000000087500000| Complete 
| 100|0x0000000087600000, 0x0000000087700000, 0x0000000087700000|100%| E|CS|TAMS 0x0000000087600000, 0x0000000087600000| Complete 
| 101|0x0000000087700000, 0x00000000877ba898, 0x0000000087800000| 72%| S|CS|TAMS 0x0000000087700000, 0x0000000087700000| Complete 
| 102|0x0000000087800000, 0x0000000087900000, 0x0000000087900000|100%| S|CS|TAMS 0x0000000087800000, 0x0000000087800000| Complete 
| 103|0x0000000087900000, 0x0000000087a00000, 0x0000000087a00000|100%| S|CS|TAMS 0x0000000087900000, 0x0000000087900000| Complete 
| 104|0x0000000087a00000, 0x0000000087b00000, 0x0000000087b00000|100%| E|CS|TAMS 0x0000000087a00000, 0x0000000087a00000| Complete 
| 105|0x0000000087b00000, 0x0000000087c00000, 0x0000000087c00000|100%| E|CS|TAMS 0x0000000087b00000, 0x0000000087b00000| Complete 
| 106|0x0000000087c00000, 0x0000000087d00000, 0x0000000087d00000|100%| E|CS|TAMS 0x0000000087c00000, 0x0000000087c00000| Complete 
| 107|0x0000000087d00000, 0x0000000087e00000, 0x0000000087e00000|100%| E|CS|TAMS 0x0000000087d00000, 0x0000000087d00000| Complete 
| 108|0x0000000087e00000, 0x0000000087f00000, 0x0000000087f00000|100%| E|CS|TAMS 0x0000000087e00000, 0x0000000087e00000| Complete 
| 109|0x0000000087f00000, 0x0000000088000000, 0x0000000088000000|100%| E|CS|TAMS 0x0000000087f00000, 0x0000000087f00000| Complete 
| 110|0x0000000088000000, 0x0000000088100000, 0x0000000088100000|100%| E|CS|TAMS 0x0000000088000000, 0x0000000088000000| Complete 
| 111|0x0000000088100000, 0x0000000088200000, 0x0000000088200000|100%| E|CS|TAMS 0x0000000088100000, 0x0000000088100000| Complete 
| 112|0x0000000088200000, 0x0000000088300000, 0x0000000088300000|100%| E|CS|TAMS 0x0000000088200000, 0x0000000088200000| Complete 
| 113|0x0000000088300000, 0x0000000088400000, 0x0000000088400000|100%| E|CS|TAMS 0x0000000088300000, 0x0000000088300000| Complete 
| 114|0x0000000088400000, 0x0000000088500000, 0x0000000088500000|100%| E|CS|TAMS 0x0000000088400000, 0x0000000088400000| Complete 
| 115|0x0000000088500000, 0x0000000088600000, 0x0000000088600000|100%| E|CS|TAMS 0x0000000088500000, 0x0000000088500000| Complete 
| 116|0x0000000088600000, 0x0000000088700000, 0x0000000088700000|100%| E|CS|TAMS 0x0000000088600000, 0x0000000088600000| Complete 
| 117|0x0000000088700000, 0x0000000088800000, 0x0000000088800000|100%| E|CS|TAMS 0x0000000088700000, 0x0000000088700000| Complete 
| 118|0x0000000088800000, 0x0000000088900000, 0x0000000088900000|100%| E|CS|TAMS 0x0000000088800000, 0x0000000088800000| Complete 
| 119|0x0000000088900000, 0x0000000088a00000, 0x0000000088a00000|100%| E|CS|TAMS 0x0000000088900000, 0x0000000088900000| Complete 
| 120|0x0000000088a00000, 0x0000000088b00000, 0x0000000088b00000|100%| E|CS|TAMS 0x0000000088a00000, 0x0000000088a00000| Complete 
| 121|0x0000000088b00000, 0x0000000088c00000, 0x0000000088c00000|100%| E|CS|TAMS 0x0000000088b00000, 0x0000000088b00000| Complete 
| 122|0x0000000088c00000, 0x0000000088d00000, 0x0000000088d00000|100%| E|CS|TAMS 0x0000000088c00000, 0x0000000088c00000| Complete 
| 123|0x0000000088d00000, 0x0000000088e00000, 0x0000000088e00000|100%| E|CS|TAMS 0x0000000088d00000, 0x0000000088d00000| Complete 
| 124|0x0000000088e00000, 0x0000000088f00000, 0x0000000088f00000|100%| E|CS|TAMS 0x0000000088e00000, 0x0000000088e00000| Complete 
| 125|0x0000000088f00000, 0x0000000089000000, 0x0000000089000000|100%| E|CS|TAMS 0x0000000088f00000, 0x0000000088f00000| Complete 
| 126|0x0000000089000000, 0x0000000089100000, 0x0000000089100000|100%| E|CS|TAMS 0x0000000089000000, 0x0000000089000000| Complete 
| 127|0x0000000089100000, 0x0000000089200000, 0x0000000089200000|100%| E|CS|TAMS 0x0000000089100000, 0x0000000089100000| Complete 

Card table byte_map: [0x00000150722a0000,0x00000150726a0000] _byte_map_base: 0x0000015071e97000

Marking Bits (Prev, Next): (CMBitMap*) 0x000001505a7abf18, (CMBitMap*) 0x000001505a7abf58
 Prev Bits: [0x0000015072aa0000, 0x0000015074a58000)
 Next Bits: [0x0000015074a60000, 0x0000015076a18000)

Polling page: 0x0000015059f40000

Metaspace:

Usage:
  Non-class:     13.68 MB capacity,    13.40 MB ( 98%) used,   245.95 KB (  2%) free+waste,    38.38 KB ( <1%) overhead. 
      Class:      1.79 MB capacity,     1.66 MB ( 92%) used,   121.62 KB (  7%) free+waste,    20.56 KB (  1%) overhead. 
       Both:     15.47 MB capacity,    15.06 MB ( 97%) used,   367.56 KB (  2%) free+waste,    58.94 KB ( <1%) overhead. 

Virtual space:
  Non-class space:       14.00 MB reserved,      13.75 MB ( 98%) committed 
      Class space:        1.00 GB reserved,       1.88 MB ( <1%) committed 
             Both:        1.01 GB reserved,      15.63 MB (  2%) committed 

Chunk freelists:
   Non-Class:  1.25 KB
       Class:  2.38 KB
        Both:  3.63 KB

CodeHeap 'non-profiled nmethods': size=120000Kb used=985Kb max_used=985Kb free=119014Kb
 bounds [0x000001506a640000, 0x000001506a8b0000, 0x0000015071b70000]
CodeHeap 'profiled nmethods': size=120000Kb used=4970Kb max_used=4970Kb free=115029Kb
 bounds [0x0000015063110000, 0x0000015063600000, 0x000001506a640000]
CodeHeap 'non-nmethods': size=5760Kb used=1252Kb max_used=1305Kb free=4507Kb
 bounds [0x0000015062b70000, 0x0000015062de0000, 0x0000015063110000]
 total_blobs=3885 nmethods=2346 adapters=533
 compilation: enabled
              stopped_count=0, restarted_count=0
 full_count=0

Compilation events (10 events):
Event: 3.619 Thread 0x0000015079473800 2626       3       java.util.Formatter$FormatSpecifier::print (63 bytes)
Event: 3.620 Thread 0x0000015079473800 nmethod 2626 0x00000150635dea90 code [0x00000150635ded20, 0x00000150635df7c0]
Event: 3.620 Thread 0x0000015079473800 2632       3       org.mockito.cglib.core.ReflectUtils$3::$jacocoInit (52 bytes)
Event: 3.621 Thread 0x0000015079473800 nmethod 2632 0x0000015063512e10 code [0x0000015063513040, 0x0000015063513ac0]
Event: 3.621 Thread 0x0000015079473800 2627       3       java.util.Formatter$FormatSpecifier::appendJustified (91 bytes)
Event: 3.622 Thread 0x0000015079473800 nmethod 2627 0x0000015063521590 code [0x00000150635217c0, 0x0000015063522030]
Event: 3.622 Thread 0x0000015079473800 2628       3       java.lang.StringBuilder::append (6 bytes)
Event: 3.622 Thread 0x0000015079473800 nmethod 2628 0x0000015063467f10 code [0x00000150634680e0, 0x0000015063468310]
Event: 3.622 Thread 0x0000015079473800 2634       3       org.mockito.cglib.core.ClassEmitter$1::$jacocoInit (52 bytes)
Event: 3.622 Thread 0x0000015079473800 nmethod 2634 0x00000150635dfb90 code [0x00000150635dfdc0, 0x00000150635e0840]

GC Heap History (2 events):
Event: 1.149 GC heap before
{Heap before GC invocations=0 (full 0):
 garbage-first heap   total 131072K, used 24576K [0x0000000081200000, 0x0000000100000000)
  region size 1024K, 24 young (24576K), 0 survivors (0K)
 Metaspace       used 7651K, capacity 7871K, committed 8064K, reserved 1056768K
  class space    used 786K, capacity 839K, committed 896K, reserved 1048576K
}
Event: 1.156 GC heap after
{Heap after GC invocations=1 (full 0):
 garbage-first heap   total 131072K, used 2794K [0x0000000081200000, 0x0000000100000000)
  region size 1024K, 3 young (3072K), 3 survivors (3072K)
 Metaspace       used 7651K, capacity 7871K, committed 8064K, reserved 1056768K
  class space    used 786K, capacity 839K, committed 896K, reserved 1048576K
}

Deoptimization events (10 events):
Event: 2.602 Thread 0x000001505a770800 Uncommon trap: reason=unstable_if action=reinterpret pc=0x000001506a679144 method=org.jacoco.agent.rt.internal_1f1cc91.asm.MethodVisitor.visitLineNumber(ILorg/jacoco/agent/rt/internal_1f1cc91/asm/Label;)V @ 4 c2
Event: 2.602 Thread 0x000001505a770800 Uncommon trap: reason=unstable_if action=reinterpret pc=0x000001506a70e950 method=org.jacoco.agent.rt.internal_1f1cc91.asm.MethodVisitor.visitFieldInsn(ILjava/lang/String;Ljava/lang/String;Ljava/lang/String;)V @ 4 c2
Event: 2.602 Thread 0x000001505a770800 Uncommon trap: reason=unstable_if action=reinterpret pc=0x000001506a678dc0 method=org.jacoco.agent.rt.internal_1f1cc91.asm.MethodVisitor.visitLabel(Lorg/jacoco/agent/rt/internal_1f1cc91/asm/Label;)V @ 4 c2
Event: 2.602 Thread 0x000001505a770800 Uncommon trap: reason=unstable_if action=reinterpret pc=0x000001506a680008 method=org.jacoco.agent.rt.internal_1f1cc91.asm.MethodVisitor.visitMethodInsn(ILjava/lang/String;Ljava/lang/String;Ljava/lang/String;Z)V @ 50 c2
Event: 2.623 Thread 0x000001505a770800 Uncommon trap: reason=unstable_if action=reinterpret pc=0x000001506a67cf80 method=org.jacoco.agent.rt.internal_1f1cc91.asm.ByteVector.putUTF8(Ljava/lang/String;)Lorg/jacoco/agent/rt/internal_1f1cc91/asm/ByteVector; @ 36 c2
Event: 2.651 Thread 0x000001505a770800 Uncommon trap: reason=unstable_if action=reinterpret pc=0x000001506a715640 method=org.jacoco.agent.rt.internal_1f1cc91.core.internal.flow.LabelFlowAnalyzer.markMethodInvocationLine()V @ 4 c2
Event: 2.679 Thread 0x000001505a770800 Uncommon trap: reason=unstable_if action=reinterpret pc=0x000001506a6fe940 method=java.util.ArrayList.fastRemove([Ljava/lang/Object;I)V @ 19 c2
Event: 2.681 Thread 0x000001505a770800 Uncommon trap: reason=unstable_if action=reinterpret pc=0x000001506a6fe504 method=java.util.ArrayList.fastRemove([Ljava/lang/Object;I)V @ 19 c2
Event: 3.614 Thread 0x000001505a770800 Uncommon trap: reason=unstable_if action=reinterpret pc=0x000001506a6de704 method=org.jpacman.framework.model.Board.withinBorders(II)Z @ 5 c2
Event: 3.619 Thread 0x000001505a770800 Uncommon trap: reason=bimorphic_or_optimized_type_check action=maybe_recompile pc=0x000001506a6ce7a8 method=java.util.HashMap.putVal(ILjava/lang/Object;Ljava/lang/Object;ZZ)Ljava/lang/Object; @ 203 c2

Classes redefined (0 events):
No events

Internal exceptions (10 events):
Event: 1.265 Thread 0x000001505a770800 Exception <a 'java/lang/NoSuchMethodError'{0x0000000088f731c0}: java.lang.invoke.DirectMethodHandle$Holder.invokeSpecial(Ljava/lang/Object;Ljava/lang/Object;ILjava/lang/Object;Ljava/lang/Object;Ljava/lang/Object;)Ljava/lang/Object;> (0x0000000088f731c0) t
Event: 1.270 Thread 0x000001505a770800 Exception <a 'java/lang/NoSuchMethodError'{0x0000000088f8a080}: java.lang.invoke.DirectMethodHandle$Holder.invokeStatic(Ljava/lang/Object;ILjava/lang/Object;)Ljava/lang/Object;> (0x0000000088f8a080) thrown at [t:/workspace/open/src/hotspot/share/interpret
Event: 1.327 Thread 0x000001505a770800 Exception <a 'java/lang/ClassNotFoundException'{0x0000000088e3fb10}: com/sun/swing/internal/plaf/metal/resources/spi/metalProvider> (0x0000000088e3fb10) thrown at [t:/workspace/open/src/hotspot/share/classfile/systemDictionary.cpp, line 235]
Event: 1.329 Thread 0x000001505a770800 Exception <a 'java/lang/ClassNotFoundException'{0x0000000088e49488}: com/sun/swing/internal/plaf/basic/resources/spi/basicProvider> (0x0000000088e49488) thrown at [t:/workspace/open/src/hotspot/share/classfile/systemDictionary.cpp, line 235]
Event: 1.565 Thread 0x000001505a770800 Exception <a 'java/io/FileNotFoundException'{0x000000008895d958}> (0x000000008895d958) thrown at [t:/workspace/open/src/hotspot/share/prims/jni.cpp, line 615]
Event: 1.565 Thread 0x000001505a770800 Exception <a 'java/lang/NullPointerException'{0x000000008895e460}> (0x000000008895e460) thrown at [t:/workspace/open/src/hotspot/share/interpreter/linkResolver.cpp, line 1356]
Event: 1.653 Thread 0x000001505a770800 Exception <a 'java/lang/NoSuchMethodError'{0x0000000088786ef0}: java.lang.invoke.DirectMethodHandle$Holder.invokeStaticInit(Ljava/lang/Object;)V> (0x0000000088786ef0) thrown at [t:/workspace/open/src/hotspot/share/interpreter/linkResolver.cpp, line 777]
Event: 1.661 Thread 0x000001505a770800 Exception <a 'java/lang/NoSuchMethodError'{0x00000000887b6b40}: java.lang.invoke.Invokers$Holder.linkToTargetMethod(Ljava/lang/Object;ILjava/lang/Object;)Ljava/lang/Object;> (0x00000000887b6b40) thrown at [t:/workspace/open/src/hotspot/share/interpreter/l
Event: 2.651 Thread 0x000001505a770800 Implicit null exception at 0x000001506a715488 to 0x000001506a71562e
Event: 3.416 Thread 0x000001505a770800 Exception <a 'java/lang/reflect/InvocationTargetException'{0x000000008716af10}> (0x000000008716af10) thrown at [t:/workspace/open/src/hotspot/share/runtime/reflection.cpp, line 1183]

Events (10 events):
Event: 3.509 Executing VM operation: RevokeBias
Event: 3.509 Executing VM operation: RevokeBias done
Event: 3.509 Executing VM operation: BulkRevokeBias
Event: 3.509 Executing VM operation: BulkRevokeBias done
Event: 3.614 Thread 0x000001505a770800 Uncommon trap: trap_request=0xffffff4d fr.pc=0x000001506a6de704 relative=0x00000000000000c4
Event: 3.614 Thread 0x000001505a770800 DEOPT PACKING pc=0x000001506a6de704 sp=0x0000001e261fe0b0
Event: 3.614 Thread 0x000001505a770800 DEOPT UNPACKING pc=0x0000015062b99baf sp=0x0000001e261fe058 mode 2
Event: 3.619 Thread 0x000001505a770800 Uncommon trap: trap_request=0xffffffc6 fr.pc=0x000001506a6ce7a8 relative=0x0000000000000be8
Event: 3.619 Thread 0x000001505a770800 DEOPT PACKING pc=0x000001506a6ce7a8 sp=0x0000001e261fe210
Event: 3.619 Thread 0x000001505a770800 DEOPT UNPACKING pc=0x0000015062b99baf sp=0x0000001e261fe130 mode 2


Dynamic libraries:
0x00007ff6e7d50000 - 0x00007ff6e7d5f000 	C:\Program Files\Java\jdk-12.0.2\bin\javaw.exe
0x00007ffe28c00000 - 0x00007ffe28df0000 	C:\WINDOWS\SYSTEM32\ntdll.dll
0x00007ffe28150000 - 0x00007ffe28202000 	C:\WINDOWS\System32\KERNEL32.DLL
0x00007ffe26980000 - 0x00007ffe26c23000 	C:\WINDOWS\System32\KERNELBASE.dll
0x00007ffe26880000 - 0x00007ffe2697a000 	C:\WINDOWS\System32\ucrtbase.dll
0x00007ffe1e1c0000 - 0x00007ffe1e1d8000 	C:\Program Files\Java\jdk-12.0.2\bin\jli.dll
0x00007ffe28730000 - 0x00007ffe287d3000 	C:\WINDOWS\System32\ADVAPI32.dll
0x00007ffe28810000 - 0x00007ffe288ae000 	C:\WINDOWS\System32\msvcrt.dll
0x00007ffe28b20000 - 0x00007ffe28bb7000 	C:\WINDOWS\System32\sechost.dll
0x00007ffe27f40000 - 0x00007ffe28060000 	C:\WINDOWS\System32\RPCRT4.dll
0x00007ffe26fe0000 - 0x00007ffe27174000 	C:\WINDOWS\System32\USER32.dll
0x00007ffe25b90000 - 0x00007ffe25bb1000 	C:\WINDOWS\System32\win32u.dll
0x00007ffe287e0000 - 0x00007ffe28806000 	C:\WINDOWS\System32\GDI32.dll
0x00007ffe266e0000 - 0x00007ffe26874000 	C:\WINDOWS\System32\gdi32full.dll
0x00007ffe26340000 - 0x00007ffe263de000 	C:\WINDOWS\System32\msvcp_win.dll
0x00007ffe1f230000 - 0x00007ffe1f246000 	C:\Program Files\Java\jdk-12.0.2\bin\VCRUNTIME140.dll
0x00007ffe0fd70000 - 0x00007ffe0fff5000 	C:\WINDOWS\WinSxS\amd64_microsoft.windows.common-controls_6595b64144ccf1df_6.0.18362.657_none_e6c5b579130e3898\COMCTL32.dll
0x00007ffe27180000 - 0x00007ffe274b6000 	C:\WINDOWS\System32\combase.dll
0x00007ffe26c30000 - 0x00007ffe26cb0000 	C:\WINDOWS\System32\bcryptPrimitives.dll
0x00007ffe1a5c0000 - 0x00007ffe1a5ca000 	C:\WINDOWS\SYSTEM32\VERSION.dll
0x00007ffe28290000 - 0x00007ffe282be000 	C:\WINDOWS\System32\IMM32.DLL
0x00007ffe081b0000 - 0x00007ffe0825a000 	C:\Program Files\Java\jdk-12.0.2\bin\msvcp140.dll
0x00007ffdd8ba0000 - 0x00007ffdd9717000 	C:\Program Files\Java\jdk-12.0.2\bin\server\jvm.dll
0x00007ffe27c90000 - 0x00007ffe27c98000 	C:\WINDOWS\System32\PSAPI.DLL
0x00007ffe22d30000 - 0x00007ffe22d54000 	C:\WINDOWS\SYSTEM32\WINMM.dll
0x00007ffe1cbd0000 - 0x00007ffe1cbd9000 	C:\WINDOWS\SYSTEM32\WSOCK32.dll
0x00007ffe27ed0000 - 0x00007ffe27f3f000 	C:\WINDOWS\System32\WS2_32.dll
0x00007ffe22d00000 - 0x00007ffe22d2d000 	C:\WINDOWS\SYSTEM32\WINMMBASE.dll
0x00007ffe263e0000 - 0x00007ffe2642a000 	C:\WINDOWS\System32\cfgmgr32.dll
0x00007ffe25ae0000 - 0x00007ffe25af1000 	C:\WINDOWS\System32\kernel.appcore.dll
0x00007ffe15490000 - 0x00007ffe154a1000 	C:\Program Files\Java\jdk-12.0.2\bin\verify.dll
0x00007ffe17c50000 - 0x00007ffe17e44000 	C:\WINDOWS\SYSTEM32\DBGHELP.DLL
0x00007ffe17680000 - 0x00007ffe176aa000 	C:\WINDOWS\SYSTEM32\dbgcore.DLL
0x00007ffe0b980000 - 0x00007ffe0b9a6000 	C:\Program Files\Java\jdk-12.0.2\bin\java.dll
0x00007ffe1f370000 - 0x00007ffe1f37e000 	C:\Program Files\Java\jdk-12.0.2\bin\instrument.dll
0x00007ffe14ca0000 - 0x00007ffe14cb7000 	C:\Program Files\Java\jdk-12.0.2\bin\zip.dll
0x00007ffe18f10000 - 0x00007ffe18f1a000 	C:\Program Files\Java\jdk-12.0.2\bin\jimage.dll
0x00007ffe275a0000 - 0x00007ffe27c85000 	C:\WINDOWS\System32\SHELL32.dll
0x00007ffe28a70000 - 0x00007ffe28b19000 	C:\WINDOWS\System32\shcore.dll
0x00007ffe25bc0000 - 0x00007ffe2633f000 	C:\WINDOWS\System32\windows.storage.dll
0x00007ffe25b70000 - 0x00007ffe25b8f000 	C:\WINDOWS\System32\profapi.dll
0x00007ffe25b00000 - 0x00007ffe25b4a000 	C:\WINDOWS\System32\powrprof.dll
0x00007ffe25ad0000 - 0x00007ffe25ae0000 	C:\WINDOWS\System32\UMPDC.dll
0x00007ffe26dd0000 - 0x00007ffe26e22000 	C:\WINDOWS\System32\shlwapi.dll
0x00007ffe26430000 - 0x00007ffe26447000 	C:\WINDOWS\System32\cryptsp.dll
0x00007ffe13520000 - 0x00007ffe13539000 	C:\Program Files\Java\jdk-12.0.2\bin\net.dll
0x00007ffe200f0000 - 0x00007ffe201e0000 	C:\WINDOWS\SYSTEM32\WINHTTP.dll
0x00007ffe13cd0000 - 0x00007ffe13ea6000 	C:\WINDOWS\SYSTEM32\urlmon.dll
0x00007ffe13a20000 - 0x00007ffe13cc6000 	C:\WINDOWS\SYSTEM32\iertutil.dll
0x00007ffe25510000 - 0x00007ffe2551c000 	C:\WINDOWS\SYSTEM32\CRYPTBASE.DLL
0x00007ffe25340000 - 0x00007ffe253a7000 	C:\WINDOWS\system32\mswsock.dll
0x00007ffe13420000 - 0x00007ffe13433000 	C:\Program Files\Java\jdk-12.0.2\bin\nio.dll
0x00007ffe16610000 - 0x00007ffe16626000 	C:\WINDOWS\system32\napinsp.dll
0x00007ffe161d0000 - 0x00007ffe161ea000 	C:\WINDOWS\system32\pnrpnsp.dll
0x00007ffe25090000 - 0x00007ffe2515a000 	C:\WINDOWS\SYSTEM32\DNSAPI.dll
0x00007ffe27590000 - 0x00007ffe27598000 	C:\WINDOWS\System32\NSI.dll
0x00007ffe25050000 - 0x00007ffe2508a000 	C:\WINDOWS\SYSTEM32\IPHLPAPI.DLL
0x00007ffe165b0000 - 0x00007ffe165be000 	C:\WINDOWS\System32\winrnr.dll
0x00007ffe22100000 - 0x00007ffe2211c000 	C:\WINDOWS\system32\NLAapi.dll
0x00007ffe21890000 - 0x00007ffe218a5000 	C:\WINDOWS\system32\wshbth.dll
0x00007ffe19ef0000 - 0x00007ffe19efa000 	C:\Windows\System32\rasadhlp.dll
0x00007ffe19e70000 - 0x00007ffe19ee7000 	C:\WINDOWS\System32\fwpuclnt.dll
0x00007ffe264b0000 - 0x00007ffe264d6000 	C:\WINDOWS\System32\bcrypt.dll
0x00007ffdf2f50000 - 0x00007ffdf30ef000 	C:\Program Files\Java\jdk-12.0.2\bin\awt.dll
0x00007ffe28080000 - 0x00007ffe28144000 	C:\WINDOWS\System32\OLEAUT32.dll
0x00007ffe22740000 - 0x00007ffe22d00000 	C:\WINDOWS\SYSTEM32\d2d1.dll
0x00007ffe23c50000 - 0x00007ffe23cdf000 	C:\WINDOWS\SYSTEM32\apphelp.dll
0x00007ffe24160000 - 0x00007ffe2418d000 	C:\WINDOWS\system32\DWMAPI.DLL
0x00007ffe23e10000 - 0x00007ffe23ea9000 	C:\WINDOWS\system32\uxtheme.dll
0x00007ffe16ab0000 - 0x00007ffe16c06000 	C:\WINDOWS\system32\opengl32.dll
0x00007ffe1f160000 - 0x00007ffe1f18c000 	C:\WINDOWS\SYSTEM32\GLU32.dll
0x00007ffe24740000 - 0x00007ffe24760000 	C:\WINDOWS\SYSTEM32\dxcore.dll
0x00007ffe27d10000 - 0x00007ffe27e45000 	C:\WINDOWS\System32\MSCTF.dll
0x00007ffe28910000 - 0x00007ffe28a66000 	C:\WINDOWS\System32\ole32.dll
0x00007ffe050f0000 - 0x00007ffe05170000 	C:\Program Files\Java\jdk-12.0.2\bin\freetype.dll
0x00007ffe05040000 - 0x00007ffe050eb000 	C:\Program Files\Java\jdk-12.0.2\bin\fontmanager.dll
0x00007ffe26cb0000 - 0x00007ffe26d52000 	C:\WINDOWS\System32\clbcatq.dll
0x00007ffe20d40000 - 0x00007ffe20eef000 	C:\WINDOWS\SYSTEM32\WindowsCodecs.dll
0x00007ffe15b30000 - 0x00007ffe15b6a000 	C:\WINDOWS\system32\dataexchange.dll
0x00007ffe22d60000 - 0x00007ffe22fbb000 	C:\WINDOWS\system32\d3d11.dll
0x00007ffe23420000 - 0x00007ffe235fb000 	C:\WINDOWS\system32\dcomp.dll
0x00007ffe247d0000 - 0x00007ffe248bb000 	C:\WINDOWS\system32\dxgi.dll
0x00007ffe23f00000 - 0x00007ffe2415a000 	C:\WINDOWS\system32\twinapi.appcore.dll
0x00007ffe24410000 - 0x00007ffe24439000 	C:\WINDOWS\system32\RMCLIENT.dll
0x00007ffe041d0000 - 0x00007ffe0426e000 	C:\WINDOWS\System32\TextInputFramework.dll
0x00007ffe20ef0000 - 0x00007ffe2121a000 	C:\WINDOWS\System32\CoreUIComponents.dll
0x00007ffe23a40000 - 0x00007ffe23b14000 	C:\WINDOWS\System32\CoreMessaging.dll
0x00007ffe24b30000 - 0x00007ffe24b61000 	C:\WINDOWS\SYSTEM32\ntmarta.dll
0x00007ffe219f0000 - 0x00007ffe21b43000 	C:\WINDOWS\SYSTEM32\wintypes.dll
0x00007ffe15df0000 - 0x00007ffe15e55000 	C:\WINDOWS\system32\Oleacc.dll
0x00007ffe03dd0000 - 0x00007ffe03e8f000 	C:\WINDOWS\system32\msctfuimanager.dll
0x00007ffe0c430000 - 0x00007ffe0c5e3000 	C:\WINDOWS\system32\DUI70.dll
0x00007ffe01c90000 - 0x00007ffe01d23000 	C:\WINDOWS\system32\DUser.dll
0x00007ffe06890000 - 0x00007ffe06b00000 	C:\WINDOWS\SYSTEM32\UIAutomationCore.dll
0x00007ffe25920000 - 0x00007ffe259bd000 	C:\WINDOWS\SYSTEM32\sxs.dll
0x00007ffe20bf0000 - 0x00007ffe20c37000 	C:\WINDOWS\System32\UIAnimation.dll
0x00007ffe0b090000 - 0x00007ffe0b38e000 	C:\WINDOWS\system32\dwrite.dll
0x00007ffdfa590000 - 0x00007ffdfacd1000 	C:\WINDOWS\SYSTEM32\D3D10Warp.dll
0x00007ffe16910000 - 0x00007ffe169a9000 	C:\WINDOWS\system32\directmanipulation.dll

dbghelp: loaded successfully - version: 4.0.5 - missing functions: none
symbol engine: initialized successfully - sym options: 0x614 - pdb path: .;C:\Program Files\Java\jdk-12.0.2\bin;C:\WINDOWS\SYSTEM32;C:\WINDOWS\WinSxS\amd64_microsoft.windows.common-controls_6595b64144ccf1df_6.0.18362.657_none_e6c5b579130e3898;C:\Program Files\Java\jdk-12.0.2\bin\server

VM Arguments:
jvm_args: -javaagent:C:\Users\41615\eclipse\jee-2019-09\eclipse\configuration\org.eclipse.osgi\927\0\.cp\jacocoagent.jar=includes=*,excludes=,exclclassloader=sun.reflect.DelegatingClassLoader,output=tcpclient,port=25558 -ea -Dfile.encoding=UTF-8 
java_command: org.eclipse.jdt.internal.junit.runner.RemoteTestRunner -version 3 -port 25559 -testLoaderClass org.eclipse.jdt.internal.junit4.runner.JUnit4TestLoader -loaderpluginname org.eclipse.jdt.junit4.runtime -testNameFile C:\Users\41615\AppData\Local\Temp\testNames2047214560428139647.txt
java_class_path (initial): D:\GitHub\Group9\target\test-classes;D:\GitHub\Group9\target\classes;C:\Users\41615\.m2\repository\junit\junit\4.10\junit-4.10.jar;C:\Users\41615\.m2\repository\org\hamcrest\hamcrest-core\1.1\hamcrest-core-1.1.jar;C:\Users\41615\.m2\repository\org\mockito\mockito-core\1.9.5-rc1\mockito-core-1.9.5-rc1.jar;C:\Users\41615\.m2\repository\org\objenesis\objenesis\1.0\objenesis-1.0.jar;C:\Users\41615\.m2\repository\org\hamcrest\hamcrest-all\1.3\hamcrest-all-1.3.jar;C:\Users\41615\eclipse\jee-2019-09\eclipse\configuration\org.eclipse.osgi\410\0\.cp;C:\Users\41615\eclipse\jee-2019-09\eclipse\configuration\org.eclipse.osgi\409\0\.cp
Launcher Type: SUN_STANDARD

[Global flags]
     intx CICompilerCount                          = 4                                         {product} {ergonomic}
     uint ConcGCThreads                            = 2                                         {product} {ergonomic}
     uint G1ConcRefinementThreads                  = 8                                         {product} {ergonomic}
   size_t G1HeapRegionSize                         = 1048576                                   {product} {ergonomic}
    uintx GCDrainStackTargetSize                   = 64                                        {product} {ergonomic}
   size_t InitialHeapSize                          = 134217728                                 {product} {ergonomic}
   size_t MarkStackSize                            = 4194304                                   {product} {ergonomic}
   size_t MaxHeapSize                              = 2128609280                                {product} {ergonomic}
   size_t MaxNewSize                               = 1277165568                                {product} {ergonomic}
   size_t MinHeapDeltaBytes                        = 1048576                                   {product} {ergonomic}
    uintx NonNMethodCodeHeapSize                   = 5836300                                {pd product} {ergonomic}
    uintx NonProfiledCodeHeapSize                  = 122910970                              {pd product} {ergonomic}
    uintx ProfiledCodeHeapSize                     = 122910970                              {pd product} {ergonomic}
    uintx ReservedCodeCacheSize                    = 251658240                              {pd product} {ergonomic}
     bool SegmentedCodeCache                       = true                                      {product} {ergonomic}
     bool UseCompressedClassPointers               = true                                 {lp64_product} {ergonomic}
     bool UseCompressedOops                        = true                                 {lp64_product} {ergonomic}
     bool UseG1GC                                  = true                                      {product} {ergonomic}
     bool UseLargePagesIndividualAllocation        = false                                  {pd product} {ergonomic}

Logging:
Log output configuration:
 #0: stdout all=warning uptime,level,tags
 #1: stderr all=off uptime,level,tags

Environment Variables:
JAVA_HOME=C:\Program Files\Java\jdk-12.0.2
PATH=C:/Program Files/Java/jdk-12.0.2/bin/server;C:/Program Files/Java/jdk-12.0.2/bin;C:\WINDOWS\system32;C:\WINDOWS;C:\WINDOWS\System32\Wbem;C:\WINDOWS\System32\WindowsPowerShell\v1.0\;C:\WINDOWS\System32\OpenSSH\;D:\Program Files\MATLAB\R2016a\runtime\win64;D:\Program Files\MATLAB\R2016a\bin;D:\Program Files\MATLAB\R2016a\polyspace\bin;C:\Program Files\dotnet\;C:\Program Files\Microsoft SQL Server\130\Tools\Binn\;C:\Program Files (x86)\Microsoft Visual Studio\2017\VC\Tools\MSVC\14.16.27023\bin\Hostx64\x64;C:\Program Files\Microsoft SQL Server\110\Tools\Binn\;D:\caffe-master -windows\caffe-master\Build\x64\Release;C:\Program Files\Git\cmd;C:\Program Files\MongoDB\Server\4.2\bin;D:\Program Files\Geth;D:\Setup Packages\apache-maven-3.6.3-bin\apache-maven-3.6.3\bin;D:\Program Files\nodejs\;C:\ProgramData\chocolatey\bin;C:\Users\41615\AppData\Local\Programs\Python\Python38\Scripts\;C:\Users\41615\AppData\Local\Programs\Python\Python38\;C:\Users\41615\AppData\Local\Microsoft\WindowsApps;C:\texlive\2019\bin\win32;C:\Program Files\Java\jdk-12.0.2\bin;D:\Program Files\VSCode\Microsoft VS Code\bin;D:\Setup Packages\apache-maven-3.6.3-bin\apache-maven-3.6.3\bin;C:\Users\41615\AppData\Roaming\npm;C:\Users\41615\.dotnet\tools;C:\Users\41615\AppData\Local\GitHubDesktop\bin;C:\WINDOWS\System32;
USERNAME=41615
OS=Windows_NT
PROCESSOR_IDENTIFIER=Intel64 Family 6 Model 142 Stepping 10, GenuineIntel



---------------  S Y S T E M  ---------------

OS: Windows 10 , 64 bit Build 18362 (10.0.18362.329)

CPU:total 8 (initial active 8) (4 cores per cpu, 2 threads per core) family 6 model 142 stepping 10, cmov, cx8, fxsr, mmx, sse, sse2, sse3, ssse3, sse4.1, sse4.2, popcnt, avx, avx2, aes, clmul, erms, 3dnowpref, lzcnt, ht, tsc, tscinvbit, bmi1, bmi2, adx, fma

Memory: 4k page, system-wide physical 8116M (2282M free)
TotalPageFile size 18192M (AvailPageFile size 8928M)
current process WorkingSet (physical memory assigned to process): 151M, peak: 151M
current process commit charge ("private bytes"): 265M, peak: 270M

vm_info: Java HotSpot(TM) 64-Bit Server VM (12.0.2+10) for windows-amd64 JRE (12.0.2+10), built on Jul 16 2019 01:56:17 by "mach5one" with MS VC++ 15.5 (VS2017)

END.
